{"/Users/principal/Documents/projects/tunapanda/swag/server/index.js": {"path":"/Users/principal/Documents/projects/tunapanda/swag/server/index.js","statementMap":{"0":{"start":{"line":2,"column":0},"end":{"line":5,"column":1}},"1":{"start":{"line":3,"column":2},"end":{"line":3,"column":80}},"2":{"start":{"line":4,"column":2},"end":{"line":4,"column":37}},"3":{"start":{"line":6,"column":0},"end":{"line":6,"column":43}},"4":{"start":{"line":8,"column":13},"end":{"line":8,"column":28}},"5":{"start":{"line":14,"column":12},"end":{"line":14,"column":31}},"6":{"start":{"line":20,"column":13},"end":{"line":20,"column":106}},"7":{"start":{"line":29,"column":15},"end":{"line":29,"column":48}},"8":{"start":{"line":35,"column":0},"end":{"line":43,"column":1}},"9":{"start":{"line":36,"column":2},"end":{"line":36,"column":22}},"10":{"start":{"line":38,"column":2},"end":{"line":42,"column":5}},"11":{"start":{"line":39,"column":17},"end":{"line":39,"column":33}},"12":{"start":{"line":40,"column":17},"end":{"line":40,"column":80}},"13":{"start":{"line":41,"column":4},"end":{"line":41,"column":40}},"14":{"start":{"line":45,"column":0},"end":{"line":45,"column":24}}},"fnMap":{"0":{"name":"(anonymous_0)","decl":{"start":{"line":38,"column":25},"end":{"line":38,"column":26}},"loc":{"start":{"line":38,"column":31},"end":{"line":42,"column":3}},"line":38}},"branchMap":{"0":{"loc":{"start":{"line":2,"column":0},"end":{"line":5,"column":1}},"type":"if","locations":[{"start":{"line":2,"column":0},"end":{"line":5,"column":1}},{"start":{"line":2,"column":0},"end":{"line":5,"column":1}}],"line":2},"1":{"loc":{"start":{"line":3,"column":16},"end":{"line":3,"column":79}},"type":"cond-expr","locations":[{"start":{"line":3,"column":57},"end":{"line":3,"column":63}},{"start":{"line":3,"column":66},"end":{"line":3,"column":79}}],"line":3},"2":{"loc":{"start":{"line":20,"column":13},"end":{"line":20,"column":106}},"type":"cond-expr","locations":[{"start":{"line":20,"column":51},"end":{"line":20,"column":99}},{"start":{"line":20,"column":102},"end":{"line":20,"column":106}}],"line":20},"3":{"loc":{"start":{"line":35,"column":0},"end":{"line":43,"column":1}},"type":"if","locations":[{"start":{"line":35,"column":0},"end":{"line":43,"column":1}},{"start":{"line":35,"column":0},"end":{"line":43,"column":1}}],"line":35},"4":{"loc":{"start":{"line":40,"column":17},"end":{"line":40,"column":80}},"type":"cond-expr","locations":[{"start":{"line":40,"column":44},"end":{"line":40,"column":58}},{"start":{"line":40,"column":61},"end":{"line":40,"column":80}}],"line":40}},"s":{"0":1,"1":0,"2":0,"3":1,"4":1,"5":1,"6":1,"7":1,"8":1,"9":0,"10":0,"11":0,"12":0,"13":0,"14":1},"f":{"0":0},"b":{"0":[0,1],"1":[0,0],"2":[0,1],"3":[0,1],"4":[0,0]},"_coverageSchema":"1a1c01bbd47fc00a2c39e90264f33305004495a9","hash":"771efda14c360428675784d2eb10ece8b8d60ed0","contentHash":"a356f541be94c635a4ac42186ae7413f9f3d6e25529a93f0f2fb6847b00f2419"}
,"/Users/principal/Documents/projects/tunapanda/swag/server/knexfile.js": {"path":"/Users/principal/Documents/projects/tunapanda/swag/server/knexfile.js","statementMap":{"0":{"start":{"line":2,"column":13},"end":{"line":2,"column":28}},"1":{"start":{"line":3,"column":18},"end":{"line":3,"column":44}},"2":{"start":{"line":6,"column":0},"end":{"line":10,"column":1}},"3":{"start":{"line":7,"column":2},"end":{"line":7,"column":39}},"4":{"start":{"line":9,"column":2},"end":{"line":9,"column":47}},"5":{"start":{"line":12,"column":83},"end":{"line":12,"column":94}},"6":{"start":{"line":15,"column":0},"end":{"line":22,"column":1}},"7":{"start":{"line":16,"column":2},"end":{"line":21,"column":4}},"8":{"start":{"line":24,"column":0},"end":{"line":71,"column":2}}},"fnMap":{},"branchMap":{"0":{"loc":{"start":{"line":15,"column":0},"end":{"line":22,"column":1}},"type":"if","locations":[{"start":{"line":15,"column":0},"end":{"line":22,"column":1}},{"start":{"line":15,"column":0},"end":{"line":22,"column":1}}],"line":15},"1":{"loc":{"start":{"line":15,"column":4},"end":{"line":15,"column":40}},"type":"binary-expr","locations":[{"start":{"line":15,"column":4},"end":{"line":15,"column":8}},{"start":{"line":15,"column":12},"end":{"line":15,"column":16}},{"start":{"line":15,"column":20},"end":{"line":15,"column":28}},{"start":{"line":15,"column":32},"end":{"line":15,"column":40}}],"line":15},"2":{"loc":{"start":{"line":42,"column":16},"end":{"line":42,"column":51}},"type":"binary-expr","locations":[{"start":{"line":42,"column":16},"end":{"line":42,"column":31}},{"start":{"line":42,"column":35},"end":{"line":42,"column":51}}],"line":42},"3":{"loc":{"start":{"line":53,"column":16},"end":{"line":53,"column":58}},"type":"binary-expr","locations":[{"start":{"line":53,"column":16},"end":{"line":53,"column":31}},{"start":{"line":53,"column":35},"end":{"line":53,"column":58}}],"line":53},"4":{"loc":{"start":{"line":63,"column":16},"end":{"line":63,"column":57}},"type":"binary-expr","locations":[{"start":{"line":63,"column":16},"end":{"line":63,"column":31}},{"start":{"line":63,"column":35},"end":{"line":63,"column":57}}],"line":63}},"s":{"0":1,"1":1,"2":1,"3":1,"4":0,"5":1,"6":1,"7":0,"8":1},"f":{},"b":{"0":[0,1],"1":[1,0,0,0],"2":[1,1],"3":[1,1],"4":[1,1]},"_coverageSchema":"1a1c01bbd47fc00a2c39e90264f33305004495a9","hash":"a7de830133c5faec1b009483ac203912e0c2f3c5","contentHash":"78aeb967bd33067bbbb07e6ee98e88dc74da74135e7ce4b5d766f9bf8e160b48"}
,"/Users/principal/Documents/projects/tunapanda/swag/server/server.js": {"path":"/Users/principal/Documents/projects/tunapanda/swag/server/server.js","statementMap":{"0":{"start":{"line":1,"column":12},"end":{"line":1,"column":26}},"1":{"start":{"line":2,"column":15},"end":{"line":2,"column":36}},"2":{"start":{"line":3,"column":19},"end":{"line":3,"column":44}},"3":{"start":{"line":4,"column":21},"end":{"line":4,"column":50}},"4":{"start":{"line":5,"column":15},"end":{"line":5,"column":45}},"5":{"start":{"line":6,"column":12},"end":{"line":6,"column":39}},"6":{"start":{"line":7,"column":13},"end":{"line":7,"column":28}},"7":{"start":{"line":8,"column":14},"end":{"line":8,"column":31}},"8":{"start":{"line":10,"column":12},"end":{"line":10,"column":21}},"9":{"start":{"line":12,"column":15},"end":{"line":14,"column":2}},"10":{"start":{"line":16,"column":0},"end":{"line":16,"column":11}},"11":{"start":{"line":18,"column":0},"end":{"line":18,"column":22}},"12":{"start":{"line":20,"column":0},"end":{"line":20,"column":16}},"13":{"start":{"line":22,"column":0},"end":{"line":22,"column":22}},"14":{"start":{"line":24,"column":0},"end":{"line":24,"column":68}},"15":{"start":{"line":26,"column":0},"end":{"line":26,"column":37}},"16":{"start":{"line":28,"column":0},"end":{"line":28,"column":38}},"17":{"start":{"line":30,"column":0},"end":{"line":30,"column":56}},"18":{"start":{"line":32,"column":0},"end":{"line":32,"column":58}},"19":{"start":{"line":34,"column":0},"end":{"line":34,"column":58}},"20":{"start":{"line":36,"column":0},"end":{"line":36,"column":58}},"21":{"start":{"line":38,"column":0},"end":{"line":38,"column":59}},"22":{"start":{"line":40,"column":0},"end":{"line":40,"column":59}},"23":{"start":{"line":42,"column":0},"end":{"line":42,"column":63}},"24":{"start":{"line":43,"column":0},"end":{"line":43,"column":39}},"25":{"start":{"line":45,"column":0},"end":{"line":47,"column":3}},"26":{"start":{"line":46,"column":2},"end":{"line":46,"column":60}},"27":{"start":{"line":49,"column":0},"end":{"line":49,"column":25}},"28":{"start":{"line":51,"column":0},"end":{"line":51,"column":21}}},"fnMap":{"0":{"name":"(anonymous_0)","decl":{"start":{"line":45,"column":21},"end":{"line":45,"column":22}},"loc":{"start":{"line":45,"column":34},"end":{"line":47,"column":1}},"line":45}},"branchMap":{},"s":{"0":1,"1":1,"2":1,"3":1,"4":1,"5":1,"6":1,"7":1,"8":1,"9":1,"10":1,"11":1,"12":1,"13":1,"14":1,"15":1,"16":1,"17":1,"18":1,"19":1,"20":1,"21":1,"22":1,"23":1,"24":1,"25":1,"26":0,"27":1,"28":1},"f":{"0":0},"b":{},"_coverageSchema":"1a1c01bbd47fc00a2c39e90264f33305004495a9","hash":"288eb1ccda72e3c3e817ac085cf00befa259fc94","contentHash":"31715eadde1ee9d33cc4a4e5c07e0114962856a4933ea1060c5e3c7ee2ba1b2c"}
,"/Users/principal/Documents/projects/tunapanda/swag/server/config/db.js": {"path":"/Users/principal/Documents/projects/tunapanda/swag/server/config/db.js","statementMap":{"0":{"start":{"line":1,"column":0},"end":{"line":21,"column":2}}},"fnMap":{},"branchMap":{},"s":{"0":1},"f":{},"b":{},"_coverageSchema":"1a1c01bbd47fc00a2c39e90264f33305004495a9","hash":"13a8f6a90bbc3f86c6e5c28d5f052110ad43e318","contentHash":"5ad4cd2823a1fe52ef6a826d8df6cd7b25c99fe6f5608863328c7002b4e998c0"}
,"/Users/principal/Documents/projects/tunapanda/swag/server/config/elasticsearch.example.js": {"path":"/Users/principal/Documents/projects/tunapanda/swag/server/config/elasticsearch.example.js","statementMap":{"0":{"start":{"line":1,"column":0},"end":{"line":3,"column":2}}},"fnMap":{},"branchMap":{},"s":{"0":1},"f":{},"b":{},"_coverageSchema":"1a1c01bbd47fc00a2c39e90264f33305004495a9","hash":"561faa9fb775aaca6f8596a8dd609e17126a3bf0","contentHash":"abc9c80725c05eac18064d95e27bf297fe3a87d538fb06339b3eb4a78d1ddbd5"}
,"/Users/principal/Documents/projects/tunapanda/swag/server/config/email.js": {"path":"/Users/principal/Documents/projects/tunapanda/swag/server/config/email.js","statementMap":{"0":{"start":{"line":1,"column":0},"end":{"line":9,"column":2}}},"fnMap":{},"branchMap":{},"s":{"0":1},"f":{},"b":{},"_coverageSchema":"1a1c01bbd47fc00a2c39e90264f33305004495a9","hash":"20fd00b65e5de4f39ef577583216215192499318","contentHash":"a46faaa6f40b0e3777936e0586e13fe6d83b9a408460fb89cba12dec21a6b896"}
,"/Users/principal/Documents/projects/tunapanda/swag/server/db/db.js": {"path":"/Users/principal/Documents/projects/tunapanda/swag/server/db/db.js","statementMap":{"0":{"start":{"line":1,"column":20},"end":{"line":1,"column":57}},"1":{"start":{"line":2,"column":17},"end":{"line":2,"column":55}},"2":{"start":{"line":3,"column":33},"end":{"line":3,"column":53}},"3":{"start":{"line":5,"column":15},"end":{"line":5,"column":71}},"4":{"start":{"line":7,"column":13},"end":{"line":7,"column":36}},"5":{"start":{"line":9,"column":0},"end":{"line":14,"column":3}},"6":{"start":{"line":10,"column":2},"end":{"line":10,"column":165}},"7":{"start":{"line":12,"column":2},"end":{"line":12,"column":159}},"8":{"start":{"line":13,"column":2},"end":{"line":13,"column":10}},"9":{"start":{"line":16,"column":0},"end":{"line":16,"column":22}},"10":{"start":{"line":18,"column":0},"end":{"line":18,"column":57}},"11":{"start":{"line":18,"column":33},"end":{"line":18,"column":56}}},"fnMap":{"0":{"name":"(anonymous_0)","decl":{"start":{"line":9,"column":32},"end":{"line":9,"column":33}},"loc":{"start":{"line":9,"column":38},"end":{"line":11,"column":1}},"line":9},"1":{"name":"(anonymous_1)","decl":{"start":{"line":11,"column":3},"end":{"line":11,"column":4}},"loc":{"start":{"line":11,"column":10},"end":{"line":14,"column":1}},"line":11},"2":{"name":"(anonymous_2)","decl":{"start":{"line":18,"column":27},"end":{"line":18,"column":28}},"loc":{"start":{"line":18,"column":33},"end":{"line":18,"column":56}},"line":18}},"branchMap":{"0":{"loc":{"start":{"line":1,"column":20},"end":{"line":1,"column":57}},"type":"binary-expr","locations":[{"start":{"line":1,"column":20},"end":{"line":1,"column":40}},{"start":{"line":1,"column":44},"end":{"line":1,"column":57}}],"line":1}},"s":{"0":1,"1":1,"2":1,"3":1,"4":1,"5":1,"6":1,"7":0,"8":0,"9":1,"10":1,"11":0},"f":{"0":1,"1":0,"2":0},"b":{"0":[1,0]},"_coverageSchema":"1a1c01bbd47fc00a2c39e90264f33305004495a9","hash":"acaf304af3e6ee73b58815c822ab4c811f2d2302","contentHash":"2194da4367f65051ebba9cba22ebdfdf45bd56479d376ecb46b41f0a3c10a516"}
,"/Users/principal/Documents/projects/tunapanda/swag/server/db/id_generator.js": {"path":"/Users/principal/Documents/projects/tunapanda/swag/server/db/id_generator.js","statementMap":{"0":{"start":{"line":1,"column":20},"end":{"line":27,"column":23}},"1":{"start":{"line":29,"column":21},"end":{"line":32,"column":35}},"2":{"start":{"line":34,"column":0},"end":{"line":37,"column":2}}},"fnMap":{},"branchMap":{},"s":{"0":1,"1":1,"2":1},"f":{},"b":{},"_coverageSchema":"1a1c01bbd47fc00a2c39e90264f33305004495a9","hash":"9c381e193268bc9bf565191503ce5be0352811b7","contentHash":"9dfde16af50a0b6e6309107f6e06d55ffb9a44b4df5414c8a88a4000fbee4028"}
,"/Users/principal/Documents/projects/tunapanda/swag/server/db/json_schema/activitySchema.js": {"path":"/Users/principal/Documents/projects/tunapanda/swag/server/db/json_schema/activitySchema.js","statementMap":{"0":{"start":{"line":1,"column":23},"end":{"line":10,"column":1}},"1":{"start":{"line":13,"column":0},"end":{"line":13,"column":32}}},"fnMap":{},"branchMap":{},"s":{"0":1,"1":1},"f":{},"b":{},"_coverageSchema":"1a1c01bbd47fc00a2c39e90264f33305004495a9","hash":"3c5c44fa0fe30e638cbfe933502eca1f4aeed860","contentHash":"e8bd523cba8dd7f46826e8f0a27d45e94d89668fb75d300d084e1952d8a78ffb"}
,"/Users/principal/Documents/projects/tunapanda/swag/server/db/json_schema/chapterSchema.js": {"path":"/Users/principal/Documents/projects/tunapanda/swag/server/db/json_schema/chapterSchema.js","statementMap":{"0":{"start":{"line":1,"column":22},"end":{"line":14,"column":1}},"1":{"start":{"line":17,"column":0},"end":{"line":17,"column":31}}},"fnMap":{},"branchMap":{},"s":{"0":1,"1":1},"f":{},"b":{},"_coverageSchema":"1a1c01bbd47fc00a2c39e90264f33305004495a9","hash":"7bdfca2ceb3a23f6b13fc1abe7fd0a4e48337ea1","contentHash":"229d56527370b40c49ca37476d1e3c9e1a117c84ebb82704a4ea6f9067ef15fc"}
,"/Users/principal/Documents/projects/tunapanda/swag/server/db/json_schema/modelSchema.js": {"path":"/Users/principal/Documents/projects/tunapanda/swag/server/db/json_schema/modelSchema.js","statementMap":{"0":{"start":{"line":1,"column":20},"end":{"line":12,"column":1}},"1":{"start":{"line":15,"column":0},"end":{"line":15,"column":29}}},"fnMap":{},"branchMap":{},"s":{"0":1,"1":1},"f":{},"b":{},"_coverageSchema":"1a1c01bbd47fc00a2c39e90264f33305004495a9","hash":"dada533639c7a7b1ae91871ed8a157181859901d","contentHash":"100b85696bbfac442f7a3d679266d03f440d1dfba08303eedf712fd24f488813"}
,"/Users/principal/Documents/projects/tunapanda/swag/server/db/json_schema/userSchema.js": {"path":"/Users/principal/Documents/projects/tunapanda/swag/server/db/json_schema/userSchema.js","statementMap":{"0":{"start":{"line":1,"column":19},"end":{"line":14,"column":1}},"1":{"start":{"line":17,"column":0},"end":{"line":17,"column":28}}},"fnMap":{},"branchMap":{},"s":{"0":1,"1":1},"f":{},"b":{},"_coverageSchema":"1a1c01bbd47fc00a2c39e90264f33305004495a9","hash":"1329e36a0a398fd6f94f6287bbd895ea1e05f0a3","contentHash":"407731506fc6ab7aacdfa150fbe2400b1065d91d56060a527411e4cad7f3fc49"}
,"/Users/principal/Documents/projects/tunapanda/swag/server/db/migrations/20191022103749_swag.js": {"path":"/Users/principal/Documents/projects/tunapanda/swag/server/db/migrations/20191022103749_swag.js","statementMap":{"0":{"start":{"line":1,"column":38},"end":{"line":1,"column":64}},"1":{"start":{"line":3,"column":0},"end":{"line":144,"column":7}},"2":{"start":{"line":4,"column":2},"end":{"line":144,"column":6}},"3":{"start":{"line":7,"column":6},"end":{"line":7,"column":80}},"4":{"start":{"line":8,"column":6},"end":{"line":8,"column":43}},"5":{"start":{"line":9,"column":6},"end":{"line":9,"column":46}},"6":{"start":{"line":10,"column":6},"end":{"line":10,"column":25}},"7":{"start":{"line":11,"column":6},"end":{"line":11,"column":30}},"8":{"start":{"line":12,"column":6},"end":{"line":12,"column":28}},"9":{"start":{"line":13,"column":6},"end":{"line":13,"column":30}},"10":{"start":{"line":14,"column":6},"end":{"line":14,"column":25}},"11":{"start":{"line":17,"column":6},"end":{"line":17,"column":80}},"12":{"start":{"line":18,"column":6},"end":{"line":18,"column":25}},"13":{"start":{"line":19,"column":6},"end":{"line":19,"column":25}},"14":{"start":{"line":20,"column":6},"end":{"line":20,"column":32}},"15":{"start":{"line":21,"column":6},"end":{"line":21,"column":30}},"16":{"start":{"line":22,"column":6},"end":{"line":22,"column":25}},"17":{"start":{"line":25,"column":6},"end":{"line":25,"column":48}},"18":{"start":{"line":26,"column":6},"end":{"line":26,"column":50}},"19":{"start":{"line":27,"column":6},"end":{"line":27,"column":45}},"20":{"start":{"line":28,"column":6},"end":{"line":28,"column":25}},"21":{"start":{"line":31,"column":6},"end":{"line":31,"column":80}},"22":{"start":{"line":32,"column":6},"end":{"line":32,"column":50}},"23":{"start":{"line":33,"column":6},"end":{"line":33,"column":29}},"24":{"start":{"line":34,"column":6},"end":{"line":34,"column":27}},"25":{"start":{"line":35,"column":6},"end":{"line":35,"column":31}},"26":{"start":{"line":36,"column":6},"end":{"line":36,"column":25}},"27":{"start":{"line":39,"column":6},"end":{"line":39,"column":80}},"28":{"start":{"line":40,"column":6},"end":{"line":40,"column":25}},"29":{"start":{"line":41,"column":6},"end":{"line":41,"column":25}},"30":{"start":{"line":42,"column":6},"end":{"line":42,"column":32}},"31":{"start":{"line":43,"column":6},"end":{"line":43,"column":27}},"32":{"start":{"line":44,"column":6},"end":{"line":44,"column":51}},"33":{"start":{"line":45,"column":6},"end":{"line":45,"column":30}},"34":{"start":{"line":46,"column":6},"end":{"line":46,"column":25}},"35":{"start":{"line":49,"column":6},"end":{"line":49,"column":80}},"36":{"start":{"line":50,"column":6},"end":{"line":50,"column":25}},"37":{"start":{"line":51,"column":6},"end":{"line":51,"column":25}},"38":{"start":{"line":52,"column":6},"end":{"line":52,"column":32}},"39":{"start":{"line":53,"column":6},"end":{"line":53,"column":27}},"40":{"start":{"line":54,"column":6},"end":{"line":54,"column":51}},"41":{"start":{"line":55,"column":6},"end":{"line":55,"column":30}},"42":{"start":{"line":56,"column":6},"end":{"line":56,"column":25}},"43":{"start":{"line":59,"column":6},"end":{"line":59,"column":66}},"44":{"start":{"line":60,"column":6},"end":{"line":60,"column":52}},"45":{"start":{"line":61,"column":6},"end":{"line":61,"column":55}},"46":{"start":{"line":62,"column":6},"end":{"line":62,"column":25}},"47":{"start":{"line":65,"column":6},"end":{"line":65,"column":80}},"48":{"start":{"line":66,"column":6},"end":{"line":66,"column":25}},"49":{"start":{"line":67,"column":6},"end":{"line":67,"column":25}},"50":{"start":{"line":68,"column":6},"end":{"line":68,"column":32}},"51":{"start":{"line":69,"column":6},"end":{"line":69,"column":27}},"52":{"start":{"line":70,"column":6},"end":{"line":70,"column":51}},"53":{"start":{"line":71,"column":6},"end":{"line":71,"column":30}},"54":{"start":{"line":72,"column":6},"end":{"line":72,"column":25}},"55":{"start":{"line":75,"column":6},"end":{"line":75,"column":52}},"56":{"start":{"line":76,"column":6},"end":{"line":76,"column":52}},"57":{"start":{"line":77,"column":6},"end":{"line":77,"column":48}},"58":{"start":{"line":78,"column":6},"end":{"line":78,"column":25}},"59":{"start":{"line":81,"column":6},"end":{"line":81,"column":80}},"60":{"start":{"line":82,"column":6},"end":{"line":82,"column":25}},"61":{"start":{"line":83,"column":6},"end":{"line":83,"column":25}},"62":{"start":{"line":84,"column":6},"end":{"line":84,"column":32}},"63":{"start":{"line":85,"column":6},"end":{"line":85,"column":27}},"64":{"start":{"line":86,"column":6},"end":{"line":86,"column":51}},"65":{"start":{"line":87,"column":6},"end":{"line":87,"column":30}},"66":{"start":{"line":88,"column":6},"end":{"line":88,"column":25}},"67":{"start":{"line":91,"column":6},"end":{"line":91,"column":52}},"68":{"start":{"line":92,"column":6},"end":{"line":92,"column":52}},"69":{"start":{"line":93,"column":6},"end":{"line":93,"column":48}},"70":{"start":{"line":94,"column":6},"end":{"line":94,"column":25}},"71":{"start":{"line":97,"column":6},"end":{"line":97,"column":80}},"72":{"start":{"line":98,"column":6},"end":{"line":98,"column":52}},"73":{"start":{"line":99,"column":6},"end":{"line":99,"column":25}},"74":{"start":{"line":100,"column":6},"end":{"line":100,"column":25}},"75":{"start":{"line":101,"column":6},"end":{"line":101,"column":32}},"76":{"start":{"line":102,"column":6},"end":{"line":102,"column":27}},"77":{"start":{"line":103,"column":6},"end":{"line":103,"column":51}},"78":{"start":{"line":104,"column":6},"end":{"line":104,"column":30}},"79":{"start":{"line":105,"column":6},"end":{"line":105,"column":25}},"80":{"start":{"line":108,"column":6},"end":{"line":108,"column":80}},"81":{"start":{"line":109,"column":6},"end":{"line":109,"column":52}},"82":{"start":{"line":110,"column":6},"end":{"line":110,"column":48}},"83":{"start":{"line":111,"column":6},"end":{"line":111,"column":27}},"84":{"start":{"line":112,"column":6},"end":{"line":112,"column":30}},"85":{"start":{"line":113,"column":6},"end":{"line":113,"column":25}},"86":{"start":{"line":116,"column":6},"end":{"line":116,"column":80}},"87":{"start":{"line":117,"column":6},"end":{"line":117,"column":54}},"88":{"start":{"line":118,"column":6},"end":{"line":118,"column":48}},"89":{"start":{"line":119,"column":6},"end":{"line":119,"column":27}},"90":{"start":{"line":120,"column":6},"end":{"line":120,"column":29}},"91":{"start":{"line":121,"column":6},"end":{"line":121,"column":30}},"92":{"start":{"line":122,"column":6},"end":{"line":122,"column":25}},"93":{"start":{"line":125,"column":6},"end":{"line":125,"column":80}},"94":{"start":{"line":126,"column":6},"end":{"line":126,"column":25}},"95":{"start":{"line":127,"column":6},"end":{"line":127,"column":25}},"96":{"start":{"line":128,"column":6},"end":{"line":128,"column":32}},"97":{"start":{"line":129,"column":6},"end":{"line":129,"column":32}},"98":{"start":{"line":130,"column":6},"end":{"line":130,"column":30}},"99":{"start":{"line":131,"column":6},"end":{"line":131,"column":25}},"100":{"start":{"line":134,"column":6},"end":{"line":134,"column":62}},"101":{"start":{"line":135,"column":6},"end":{"line":135,"column":48}},"102":{"start":{"line":136,"column":6},"end":{"line":136,"column":51}},"103":{"start":{"line":137,"column":6},"end":{"line":137,"column":25}},"104":{"start":{"line":140,"column":6},"end":{"line":140,"column":52}},"105":{"start":{"line":141,"column":6},"end":{"line":141,"column":53}},"106":{"start":{"line":142,"column":6},"end":{"line":142,"column":49}},"107":{"start":{"line":143,"column":6},"end":{"line":143,"column":25}},"108":{"start":{"line":146,"column":0},"end":{"line":165,"column":23}},"109":{"start":{"line":147,"column":2},"end":{"line":165,"column":22}}},"fnMap":{"0":{"name":"(anonymous_0)","decl":{"start":{"line":3,"column":13},"end":{"line":3,"column":14}},"loc":{"start":{"line":4,"column":2},"end":{"line":144,"column":6}},"line":4},"1":{"name":"(anonymous_1)","decl":{"start":{"line":6,"column":26},"end":{"line":6,"column":27}},"loc":{"start":{"line":6,"column":35},"end":{"line":15,"column":5}},"line":6},"2":{"name":"(anonymous_2)","decl":{"start":{"line":16,"column":27},"end":{"line":16,"column":28}},"loc":{"start":{"line":16,"column":36},"end":{"line":23,"column":5}},"line":16},"3":{"name":"(anonymous_3)","decl":{"start":{"line":24,"column":34},"end":{"line":24,"column":35}},"loc":{"start":{"line":24,"column":43},"end":{"line":29,"column":5}},"line":24},"4":{"name":"(anonymous_4)","decl":{"start":{"line":30,"column":38},"end":{"line":30,"column":39}},"loc":{"start":{"line":30,"column":47},"end":{"line":37,"column":5}},"line":30},"5":{"name":"(anonymous_5)","decl":{"start":{"line":38,"column":35},"end":{"line":38,"column":36}},"loc":{"start":{"line":38,"column":44},"end":{"line":47,"column":5}},"line":38},"6":{"name":"(anonymous_6)","decl":{"start":{"line":48,"column":28},"end":{"line":48,"column":29}},"loc":{"start":{"line":48,"column":37},"end":{"line":57,"column":5}},"line":48},"7":{"name":"(anonymous_7)","decl":{"start":{"line":58,"column":42},"end":{"line":58,"column":43}},"loc":{"start":{"line":58,"column":51},"end":{"line":63,"column":5}},"line":58},"8":{"name":"(anonymous_8)","decl":{"start":{"line":64,"column":28},"end":{"line":64,"column":29}},"loc":{"start":{"line":64,"column":37},"end":{"line":73,"column":5}},"line":64},"9":{"name":"(anonymous_9)","decl":{"start":{"line":74,"column":35},"end":{"line":74,"column":36}},"loc":{"start":{"line":74,"column":44},"end":{"line":79,"column":5}},"line":74},"10":{"name":"(anonymous_10)","decl":{"start":{"line":80,"column":28},"end":{"line":80,"column":29}},"loc":{"start":{"line":80,"column":37},"end":{"line":89,"column":5}},"line":80},"11":{"name":"(anonymous_11)","decl":{"start":{"line":90,"column":35},"end":{"line":90,"column":36}},"loc":{"start":{"line":90,"column":44},"end":{"line":95,"column":5}},"line":90},"12":{"name":"(anonymous_12)","decl":{"start":{"line":96,"column":29},"end":{"line":96,"column":30}},"loc":{"start":{"line":96,"column":38},"end":{"line":106,"column":5}},"line":96},"13":{"name":"(anonymous_13)","decl":{"start":{"line":107,"column":32},"end":{"line":107,"column":33}},"loc":{"start":{"line":107,"column":41},"end":{"line":114,"column":5}},"line":107},"14":{"name":"(anonymous_14)","decl":{"start":{"line":115,"column":29},"end":{"line":115,"column":30}},"loc":{"start":{"line":115,"column":38},"end":{"line":123,"column":5}},"line":115},"15":{"name":"(anonymous_15)","decl":{"start":{"line":124,"column":33},"end":{"line":124,"column":34}},"loc":{"start":{"line":124,"column":42},"end":{"line":132,"column":5}},"line":124},"16":{"name":"(anonymous_16)","decl":{"start":{"line":133,"column":39},"end":{"line":133,"column":40}},"loc":{"start":{"line":133,"column":48},"end":{"line":138,"column":5}},"line":133},"17":{"name":"(anonymous_17)","decl":{"start":{"line":139,"column":36},"end":{"line":139,"column":37}},"loc":{"start":{"line":139,"column":45},"end":{"line":144,"column":5}},"line":139},"18":{"name":"(anonymous_18)","decl":{"start":{"line":146,"column":15},"end":{"line":146,"column":16}},"loc":{"start":{"line":147,"column":2},"end":{"line":165,"column":22}},"line":147}},"branchMap":{},"s":{"0":1,"1":1,"2":2,"3":2,"4":2,"5":2,"6":2,"7":2,"8":2,"9":2,"10":2,"11":2,"12":2,"13":2,"14":2,"15":2,"16":2,"17":2,"18":2,"19":2,"20":2,"21":2,"22":2,"23":2,"24":2,"25":2,"26":2,"27":2,"28":2,"29":2,"30":2,"31":2,"32":2,"33":2,"34":2,"35":2,"36":2,"37":2,"38":2,"39":2,"40":2,"41":2,"42":2,"43":2,"44":2,"45":2,"46":2,"47":2,"48":2,"49":2,"50":2,"51":2,"52":2,"53":2,"54":2,"55":2,"56":2,"57":2,"58":2,"59":2,"60":2,"61":2,"62":2,"63":2,"64":2,"65":2,"66":2,"67":2,"68":2,"69":2,"70":2,"71":2,"72":2,"73":2,"74":2,"75":2,"76":2,"77":2,"78":2,"79":2,"80":2,"81":2,"82":2,"83":2,"84":2,"85":2,"86":2,"87":2,"88":2,"89":2,"90":2,"91":2,"92":2,"93":2,"94":2,"95":2,"96":2,"97":2,"98":2,"99":2,"100":2,"101":2,"102":2,"103":2,"104":2,"105":2,"106":2,"107":2,"108":1,"109":2},"f":{"0":2,"1":2,"2":2,"3":2,"4":2,"5":2,"6":2,"7":2,"8":2,"9":2,"10":2,"11":2,"12":2,"13":2,"14":2,"15":2,"16":2,"17":2,"18":2},"b":{},"_coverageSchema":"1a1c01bbd47fc00a2c39e90264f33305004495a9","hash":"360e6614ae6625b5314552ac475248989a882749","contentHash":"86e6bafcb09d43c417fb65695772eb92861d0be9dc606159e83fe69cac16251c"}
,"/Users/principal/Documents/projects/tunapanda/swag/server/db/migrations/20191207142915_lesson_content.js": {"path":"/Users/principal/Documents/projects/tunapanda/swag/server/db/migrations/20191207142915_lesson_content.js","statementMap":{"0":{"start":{"line":2,"column":0},"end":{"line":8,"column":2}},"1":{"start":{"line":3,"column":2},"end":{"line":7,"column":7}},"2":{"start":{"line":5,"column":6},"end":{"line":5,"column":33}},"3":{"start":{"line":6,"column":6},"end":{"line":6,"column":32}},"4":{"start":{"line":10,"column":0},"end":{"line":16,"column":2}},"5":{"start":{"line":11,"column":2},"end":{"line":15,"column":7}},"6":{"start":{"line":13,"column":6},"end":{"line":13,"column":39}},"7":{"start":{"line":14,"column":6},"end":{"line":14,"column":38}}},"fnMap":{"0":{"name":"(anonymous_0)","decl":{"start":{"line":2,"column":13},"end":{"line":2,"column":14}},"loc":{"start":{"line":2,"column":29},"end":{"line":8,"column":1}},"line":2},"1":{"name":"(anonymous_1)","decl":{"start":{"line":4,"column":23},"end":{"line":4,"column":24}},"loc":{"start":{"line":4,"column":32},"end":{"line":7,"column":5}},"line":4},"2":{"name":"(anonymous_2)","decl":{"start":{"line":10,"column":15},"end":{"line":10,"column":16}},"loc":{"start":{"line":10,"column":31},"end":{"line":16,"column":1}},"line":10},"3":{"name":"(anonymous_3)","decl":{"start":{"line":12,"column":23},"end":{"line":12,"column":24}},"loc":{"start":{"line":12,"column":32},"end":{"line":15,"column":5}},"line":12}},"branchMap":{},"s":{"0":1,"1":2,"2":2,"3":2,"4":1,"5":2,"6":2,"7":2},"f":{"0":2,"1":2,"2":2,"3":2},"b":{},"_coverageSchema":"1a1c01bbd47fc00a2c39e90264f33305004495a9","hash":"c75363464e60f880fb9ef11e84021d71dc98c98c","contentHash":"62ac1ff2856960584e622ecd4a9afb3ebb944de978024efd4da1b7aedccebff8"}
,"/Users/principal/Documents/projects/tunapanda/swag/server/db/migrations/20191223143529_achievements.js": {"path":"/Users/principal/Documents/projects/tunapanda/swag/server/db/migrations/20191223143529_achievements.js","statementMap":{"0":{"start":{"line":2,"column":0},"end":{"line":18,"column":7}},"1":{"start":{"line":3,"column":2},"end":{"line":18,"column":6}},"2":{"start":{"line":5,"column":6},"end":{"line":5,"column":28}},"3":{"start":{"line":6,"column":6},"end":{"line":6,"column":27}},"4":{"start":{"line":7,"column":6},"end":{"line":7,"column":34}},"5":{"start":{"line":8,"column":6},"end":{"line":8,"column":38}},"6":{"start":{"line":9,"column":6},"end":{"line":9,"column":31}},"7":{"start":{"line":10,"column":6},"end":{"line":10,"column":31}},"8":{"start":{"line":13,"column":6},"end":{"line":13,"column":25}},"9":{"start":{"line":14,"column":6},"end":{"line":14,"column":25}},"10":{"start":{"line":15,"column":6},"end":{"line":15,"column":30}},"11":{"start":{"line":16,"column":6},"end":{"line":16,"column":29}},"12":{"start":{"line":17,"column":6},"end":{"line":17,"column":70}},"13":{"start":{"line":20,"column":0},"end":{"line":33,"column":7}},"14":{"start":{"line":21,"column":2},"end":{"line":33,"column":6}},"15":{"start":{"line":23,"column":6},"end":{"line":23,"column":34}},"16":{"start":{"line":24,"column":6},"end":{"line":24,"column":33}},"17":{"start":{"line":25,"column":6},"end":{"line":25,"column":40}},"18":{"start":{"line":28,"column":6},"end":{"line":28,"column":31}},"19":{"start":{"line":29,"column":6},"end":{"line":29,"column":31}},"20":{"start":{"line":30,"column":6},"end":{"line":30,"column":36}},"21":{"start":{"line":31,"column":6},"end":{"line":31,"column":35}},"22":{"start":{"line":32,"column":6},"end":{"line":32,"column":29}}},"fnMap":{"0":{"name":"(anonymous_0)","decl":{"start":{"line":2,"column":13},"end":{"line":2,"column":14}},"loc":{"start":{"line":3,"column":2},"end":{"line":18,"column":6}},"line":3},"1":{"name":"(anonymous_1)","decl":{"start":{"line":4,"column":27},"end":{"line":4,"column":28}},"loc":{"start":{"line":4,"column":36},"end":{"line":11,"column":5}},"line":4},"2":{"name":"(anonymous_2)","decl":{"start":{"line":12,"column":33},"end":{"line":12,"column":34}},"loc":{"start":{"line":12,"column":42},"end":{"line":18,"column":5}},"line":12},"3":{"name":"(anonymous_3)","decl":{"start":{"line":20,"column":15},"end":{"line":20,"column":16}},"loc":{"start":{"line":21,"column":2},"end":{"line":33,"column":6}},"line":21},"4":{"name":"(anonymous_4)","decl":{"start":{"line":22,"column":27},"end":{"line":22,"column":28}},"loc":{"start":{"line":22,"column":36},"end":{"line":26,"column":5}},"line":22},"5":{"name":"(anonymous_5)","decl":{"start":{"line":27,"column":33},"end":{"line":27,"column":34}},"loc":{"start":{"line":27,"column":42},"end":{"line":33,"column":5}},"line":27}},"branchMap":{},"s":{"0":1,"1":2,"2":2,"3":2,"4":2,"5":2,"6":2,"7":2,"8":2,"9":2,"10":2,"11":2,"12":2,"13":1,"14":2,"15":2,"16":2,"17":2,"18":2,"19":2,"20":2,"21":2,"22":2},"f":{"0":2,"1":2,"2":2,"3":2,"4":2,"5":2},"b":{},"_coverageSchema":"1a1c01bbd47fc00a2c39e90264f33305004495a9","hash":"83322adfd35e9ffb79f1c670ea545d099af530df","contentHash":"0273ff613320e0f60b8cf4420aab5d82cc8cb0d5279bc107f3f21383e7e3ada0"}
,"/Users/principal/Documents/projects/tunapanda/swag/server/db/migrations/20200106142050_swag.js": {"path":"/Users/principal/Documents/projects/tunapanda/swag/server/db/migrations/20200106142050_swag.js","statementMap":{"0":{"start":{"line":1,"column":24},"end":{"line":1,"column":50}},"1":{"start":{"line":3,"column":0},"end":{"line":13,"column":7}},"2":{"start":{"line":4,"column":2},"end":{"line":13,"column":6}},"3":{"start":{"line":7,"column":6},"end":{"line":7,"column":80}},"4":{"start":{"line":8,"column":6},"end":{"line":8,"column":51}},"5":{"start":{"line":9,"column":6},"end":{"line":9,"column":45}},"6":{"start":{"line":10,"column":6},"end":{"line":10,"column":52}},"7":{"start":{"line":11,"column":6},"end":{"line":11,"column":30}},"8":{"start":{"line":12,"column":6},"end":{"line":12,"column":25}},"9":{"start":{"line":15,"column":0},"end":{"line":17,"column":44}},"10":{"start":{"line":16,"column":2},"end":{"line":17,"column":43}}},"fnMap":{"0":{"name":"(anonymous_0)","decl":{"start":{"line":3,"column":13},"end":{"line":3,"column":14}},"loc":{"start":{"line":4,"column":2},"end":{"line":13,"column":6}},"line":4},"1":{"name":"(anonymous_1)","decl":{"start":{"line":6,"column":38},"end":{"line":6,"column":39}},"loc":{"start":{"line":6,"column":47},"end":{"line":13,"column":5}},"line":6},"2":{"name":"(anonymous_2)","decl":{"start":{"line":15,"column":15},"end":{"line":15,"column":16}},"loc":{"start":{"line":16,"column":2},"end":{"line":17,"column":43}},"line":16}},"branchMap":{},"s":{"0":1,"1":1,"2":2,"3":2,"4":2,"5":2,"6":2,"7":2,"8":2,"9":1,"10":2},"f":{"0":2,"1":2,"2":2},"b":{},"_coverageSchema":"1a1c01bbd47fc00a2c39e90264f33305004495a9","hash":"937265b328eb22c2d4d0bbaecb55b1bd8bf9a482","contentHash":"432eeb8ab4300256d5f86a344fb5999cd9cfaac038219a020fa207efa2075c2a"}
,"/Users/principal/Documents/projects/tunapanda/swag/server/db/seeds/achievement_awards.js": {"path":"/Users/principal/Documents/projects/tunapanda/swag/server/db/seeds/achievement_awards.js","statementMap":{"0":{"start":{"line":1,"column":0},"end":{"line":56,"column":2}},"1":{"start":{"line":3,"column":2},"end":{"line":55,"column":7}},"2":{"start":{"line":5,"column":6},"end":{"line":54,"column":9}}},"fnMap":{"0":{"name":"(anonymous_0)","decl":{"start":{"line":1,"column":15},"end":{"line":1,"column":16}},"loc":{"start":{"line":1,"column":31},"end":{"line":56,"column":1}},"line":1},"1":{"name":"(anonymous_1)","decl":{"start":{"line":4,"column":10},"end":{"line":4,"column":11}},"loc":{"start":{"line":4,"column":22},"end":{"line":55,"column":5}},"line":4}},"branchMap":{},"s":{"0":1,"1":2,"2":2},"f":{"0":2,"1":2},"b":{},"_coverageSchema":"1a1c01bbd47fc00a2c39e90264f33305004495a9","hash":"e9d239c50087f2caeaa6e13bd29c4990a20f1f15","contentHash":"c997a68746c49b4f9c3fb5e09e3c7f638924b8d562a845f9b70be4abbc613758"}
,"/Users/principal/Documents/projects/tunapanda/swag/server/db/seeds/achievements.js": {"path":"/Users/principal/Documents/projects/tunapanda/swag/server/db/seeds/achievements.js","statementMap":{"0":{"start":{"line":1,"column":0},"end":{"line":71,"column":2}},"1":{"start":{"line":3,"column":2},"end":{"line":70,"column":7}},"2":{"start":{"line":5,"column":6},"end":{"line":69,"column":9}}},"fnMap":{"0":{"name":"(anonymous_0)","decl":{"start":{"line":1,"column":15},"end":{"line":1,"column":16}},"loc":{"start":{"line":1,"column":31},"end":{"line":71,"column":1}},"line":1},"1":{"name":"(anonymous_1)","decl":{"start":{"line":4,"column":10},"end":{"line":4,"column":11}},"loc":{"start":{"line":4,"column":22},"end":{"line":70,"column":5}},"line":4}},"branchMap":{},"s":{"0":1,"1":2,"2":2},"f":{"0":2,"1":2},"b":{},"_coverageSchema":"1a1c01bbd47fc00a2c39e90264f33305004495a9","hash":"c1644cbee5ac404788bc95af8e9e8d6f654bb366","contentHash":"b9d20ce32699ca754286ee9d118e3bc1df568bec72d7ee5123310f15cf9e6677"}
,"/Users/principal/Documents/projects/tunapanda/swag/server/db/seeds/activity.js": {"path":"/Users/principal/Documents/projects/tunapanda/swag/server/db/seeds/activity.js","statementMap":{"0":{"start":{"line":2,"column":0},"end":{"line":18,"column":2}},"1":{"start":{"line":4,"column":2},"end":{"line":17,"column":7}},"2":{"start":{"line":6,"column":6},"end":{"line":16,"column":9}}},"fnMap":{"0":{"name":"(anonymous_0)","decl":{"start":{"line":2,"column":15},"end":{"line":2,"column":16}},"loc":{"start":{"line":2,"column":31},"end":{"line":18,"column":1}},"line":2},"1":{"name":"(anonymous_1)","decl":{"start":{"line":5,"column":10},"end":{"line":5,"column":11}},"loc":{"start":{"line":5,"column":22},"end":{"line":17,"column":5}},"line":5}},"branchMap":{},"s":{"0":1,"1":2,"2":2},"f":{"0":2,"1":2},"b":{},"_coverageSchema":"1a1c01bbd47fc00a2c39e90264f33305004495a9","hash":"ed8755153547a32becb9e17a52466d9e8ddf69d7","contentHash":"4a21b47546f6776a963546f1a491359dc740d71ad33fa4deeb249ea0b6d2baa3"}
,"/Users/principal/Documents/projects/tunapanda/swag/server/db/seeds/chapters.js": {"path":"/Users/principal/Documents/projects/tunapanda/swag/server/db/seeds/chapters.js","statementMap":{"0":{"start":{"line":2,"column":0},"end":{"line":84,"column":2}},"1":{"start":{"line":4,"column":2},"end":{"line":83,"column":7}},"2":{"start":{"line":5,"column":16},"end":{"line":5,"column":45}},"3":{"start":{"line":8,"column":6},"end":{"line":82,"column":10}},"4":{"start":{"line":61,"column":20},"end":{"line":82,"column":8}}},"fnMap":{"0":{"name":"(anonymous_0)","decl":{"start":{"line":2,"column":15},"end":{"line":2,"column":16}},"loc":{"start":{"line":2,"column":31},"end":{"line":84,"column":1}},"line":2},"1":{"name":"(anonymous_1)","decl":{"start":{"line":5,"column":10},"end":{"line":5,"column":11}},"loc":{"start":{"line":5,"column":16},"end":{"line":5,"column":45}},"line":5},"2":{"name":"(anonymous_2)","decl":{"start":{"line":6,"column":10},"end":{"line":6,"column":11}},"loc":{"start":{"line":6,"column":22},"end":{"line":83,"column":5}},"line":6},"3":{"name":"(anonymous_3)","decl":{"start":{"line":61,"column":14},"end":{"line":61,"column":15}},"loc":{"start":{"line":61,"column":20},"end":{"line":82,"column":8}},"line":61}},"branchMap":{},"s":{"0":1,"1":2,"2":2,"3":2,"4":2},"f":{"0":2,"1":2,"2":2,"3":2},"b":{},"_coverageSchema":"1a1c01bbd47fc00a2c39e90264f33305004495a9","hash":"b74eb3e555f9524f90da5fa9e62ac6004dbe19c5","contentHash":"94aa972241a6c347ac8e633fc8538fa6bc5f79bb28d678156adfa6471b59e890"}
,"/Users/principal/Documents/projects/tunapanda/swag/server/db/seeds/courses.js": {"path":"/Users/principal/Documents/projects/tunapanda/swag/server/db/seeds/courses.js","statementMap":{"0":{"start":{"line":2,"column":0},"end":{"line":51,"column":2}},"1":{"start":{"line":4,"column":2},"end":{"line":50,"column":8}},"2":{"start":{"line":5,"column":16},"end":{"line":5,"column":51}},"3":{"start":{"line":7,"column":6},"end":{"line":39,"column":9}},"4":{"start":{"line":41,"column":16},"end":{"line":50,"column":6}}},"fnMap":{"0":{"name":"(anonymous_0)","decl":{"start":{"line":2,"column":15},"end":{"line":2,"column":16}},"loc":{"start":{"line":2,"column":31},"end":{"line":51,"column":1}},"line":2},"1":{"name":"(anonymous_1)","decl":{"start":{"line":5,"column":10},"end":{"line":5,"column":11}},"loc":{"start":{"line":5,"column":16},"end":{"line":5,"column":51}},"line":5},"2":{"name":"(anonymous_2)","decl":{"start":{"line":6,"column":10},"end":{"line":6,"column":11}},"loc":{"start":{"line":6,"column":22},"end":{"line":40,"column":5}},"line":6},"3":{"name":"(anonymous_3)","decl":{"start":{"line":41,"column":10},"end":{"line":41,"column":11}},"loc":{"start":{"line":41,"column":16},"end":{"line":50,"column":6}},"line":41}},"branchMap":{},"s":{"0":1,"1":2,"2":2,"3":2,"4":2},"f":{"0":2,"1":2,"2":2,"3":2},"b":{},"_coverageSchema":"1a1c01bbd47fc00a2c39e90264f33305004495a9","hash":"0c41e2d16ee0a084dd367a352eced16d32f50b3b","contentHash":"158b861639cf27a168125e15e1462b681ac1f894ce7f03d43f5aa8efd32a29af"}
,"/Users/principal/Documents/projects/tunapanda/swag/server/db/seeds/enrollments.js": {"path":"/Users/principal/Documents/projects/tunapanda/swag/server/db/seeds/enrollments.js","statementMap":{"0":{"start":{"line":2,"column":0},"end":{"line":16,"column":2}},"1":{"start":{"line":4,"column":2},"end":{"line":15,"column":7}},"2":{"start":{"line":6,"column":6},"end":{"line":14,"column":9}}},"fnMap":{"0":{"name":"(anonymous_0)","decl":{"start":{"line":2,"column":15},"end":{"line":2,"column":16}},"loc":{"start":{"line":2,"column":31},"end":{"line":16,"column":1}},"line":2},"1":{"name":"(anonymous_1)","decl":{"start":{"line":5,"column":10},"end":{"line":5,"column":11}},"loc":{"start":{"line":5,"column":22},"end":{"line":15,"column":5}},"line":5}},"branchMap":{},"s":{"0":1,"1":2,"2":2},"f":{"0":2,"1":2},"b":{},"_coverageSchema":"1a1c01bbd47fc00a2c39e90264f33305004495a9","hash":"946ab41bb6b3e1d5317137c92a1d74cf6e922b49","contentHash":"632ff09afc88ac637b9a8d354b5efdacb1bc5335da87e96fe2bd72e4b4617fda"}
,"/Users/principal/Documents/projects/tunapanda/swag/server/db/seeds/groups.js": {"path":"/Users/principal/Documents/projects/tunapanda/swag/server/db/seeds/groups.js","statementMap":{"0":{"start":{"line":1,"column":0},"end":{"line":95,"column":2}},"1":{"start":{"line":3,"column":2},"end":{"line":94,"column":7}},"2":{"start":{"line":4,"column":16},"end":{"line":4,"column":43}},"3":{"start":{"line":5,"column":16},"end":{"line":5,"column":47}},"4":{"start":{"line":7,"column":6},"end":{"line":93,"column":10}},"5":{"start":{"line":30,"column":20},"end":{"line":43,"column":8}},"6":{"start":{"line":43,"column":21},"end":{"line":93,"column":8}}},"fnMap":{"0":{"name":"(anonymous_0)","decl":{"start":{"line":1,"column":15},"end":{"line":1,"column":16}},"loc":{"start":{"line":1,"column":31},"end":{"line":95,"column":1}},"line":1},"1":{"name":"(anonymous_1)","decl":{"start":{"line":4,"column":10},"end":{"line":4,"column":11}},"loc":{"start":{"line":4,"column":16},"end":{"line":4,"column":43}},"line":4},"2":{"name":"(anonymous_2)","decl":{"start":{"line":5,"column":10},"end":{"line":5,"column":11}},"loc":{"start":{"line":5,"column":16},"end":{"line":5,"column":47}},"line":5},"3":{"name":"(anonymous_3)","decl":{"start":{"line":6,"column":10},"end":{"line":6,"column":11}},"loc":{"start":{"line":6,"column":22},"end":{"line":94,"column":5}},"line":6},"4":{"name":"(anonymous_4)","decl":{"start":{"line":30,"column":14},"end":{"line":30,"column":15}},"loc":{"start":{"line":30,"column":20},"end":{"line":43,"column":8}},"line":30},"5":{"name":"(anonymous_5)","decl":{"start":{"line":43,"column":15},"end":{"line":43,"column":16}},"loc":{"start":{"line":43,"column":21},"end":{"line":93,"column":8}},"line":43}},"branchMap":{},"s":{"0":1,"1":2,"2":2,"3":2,"4":2,"5":2,"6":2},"f":{"0":2,"1":2,"2":2,"3":2,"4":2,"5":2},"b":{},"_coverageSchema":"1a1c01bbd47fc00a2c39e90264f33305004495a9","hash":"9fc2511f811fe8eac512c5452bff14490c89a386","contentHash":"88e62d7f2a1227bd6553d51ab37eae95a09f0e227a0df64b84f8b21b95c923a6"}
,"/Users/principal/Documents/projects/tunapanda/swag/server/db/seeds/learning_paths.js": {"path":"/Users/principal/Documents/projects/tunapanda/swag/server/db/seeds/learning_paths.js","statementMap":{"0":{"start":{"line":2,"column":0},"end":{"line":39,"column":2}},"1":{"start":{"line":4,"column":2},"end":{"line":38,"column":7}},"2":{"start":{"line":7,"column":6},"end":{"line":37,"column":9}}},"fnMap":{"0":{"name":"(anonymous_0)","decl":{"start":{"line":2,"column":15},"end":{"line":2,"column":16}},"loc":{"start":{"line":2,"column":31},"end":{"line":39,"column":1}},"line":2},"1":{"name":"(anonymous_1)","decl":{"start":{"line":5,"column":10},"end":{"line":5,"column":11}},"loc":{"start":{"line":5,"column":22},"end":{"line":38,"column":5}},"line":5}},"branchMap":{},"s":{"0":1,"1":2,"2":2},"f":{"0":2,"1":2},"b":{},"_coverageSchema":"1a1c01bbd47fc00a2c39e90264f33305004495a9","hash":"de33e6fcfe69edc03eef630af9beee136d16b059","contentHash":"ec3a8b8b4bbb7944ebc18f5c943109c7147aba2ea1f2a00648afeddcb38ed91d"}
,"/Users/principal/Documents/projects/tunapanda/swag/server/db/seeds/lessons.js": {"path":"/Users/principal/Documents/projects/tunapanda/swag/server/db/seeds/lessons.js","statementMap":{"0":{"start":{"line":2,"column":0},"end":{"line":111,"column":2}},"1":{"start":{"line":4,"column":2},"end":{"line":110,"column":8}},"2":{"start":{"line":5,"column":16},"end":{"line":5,"column":44}},"3":{"start":{"line":8,"column":6},"end":{"line":80,"column":9}},"4":{"start":{"line":81,"column":18},"end":{"line":110,"column":6}}},"fnMap":{"0":{"name":"(anonymous_0)","decl":{"start":{"line":2,"column":15},"end":{"line":2,"column":16}},"loc":{"start":{"line":2,"column":31},"end":{"line":111,"column":1}},"line":2},"1":{"name":"(anonymous_1)","decl":{"start":{"line":5,"column":10},"end":{"line":5,"column":11}},"loc":{"start":{"line":5,"column":16},"end":{"line":5,"column":44}},"line":5},"2":{"name":"(anonymous_2)","decl":{"start":{"line":6,"column":10},"end":{"line":6,"column":11}},"loc":{"start":{"line":6,"column":22},"end":{"line":81,"column":5}},"line":6},"3":{"name":"(anonymous_3)","decl":{"start":{"line":81,"column":12},"end":{"line":81,"column":13}},"loc":{"start":{"line":81,"column":18},"end":{"line":110,"column":6}},"line":81}},"branchMap":{},"s":{"0":1,"1":2,"2":2,"3":2,"4":2},"f":{"0":2,"1":2,"2":2,"3":2},"b":{},"_coverageSchema":"1a1c01bbd47fc00a2c39e90264f33305004495a9","hash":"2c5e5901bd62173860e6b962fb98cf6ef577f3f5","contentHash":"fdaa7742fe1fa4d9e3489d14b6aebe656d9e70ebeecfba4044f3a71c1dcbe451"}
,"/Users/principal/Documents/projects/tunapanda/swag/server/db/seeds/modules.js": {"path":"/Users/principal/Documents/projects/tunapanda/swag/server/db/seeds/modules.js","statementMap":{"0":{"start":{"line":2,"column":0},"end":{"line":93,"column":2}},"1":{"start":{"line":4,"column":2},"end":{"line":92,"column":8}},"2":{"start":{"line":5,"column":16},"end":{"line":5,"column":44}},"3":{"start":{"line":8,"column":6},"end":{"line":69,"column":9}},"4":{"start":{"line":70,"column":18},"end":{"line":92,"column":6}}},"fnMap":{"0":{"name":"(anonymous_0)","decl":{"start":{"line":2,"column":15},"end":{"line":2,"column":16}},"loc":{"start":{"line":2,"column":31},"end":{"line":93,"column":1}},"line":2},"1":{"name":"(anonymous_1)","decl":{"start":{"line":5,"column":10},"end":{"line":5,"column":11}},"loc":{"start":{"line":5,"column":16},"end":{"line":5,"column":44}},"line":5},"2":{"name":"(anonymous_2)","decl":{"start":{"line":6,"column":10},"end":{"line":6,"column":11}},"loc":{"start":{"line":6,"column":22},"end":{"line":70,"column":5}},"line":6},"3":{"name":"(anonymous_3)","decl":{"start":{"line":70,"column":12},"end":{"line":70,"column":13}},"loc":{"start":{"line":70,"column":18},"end":{"line":92,"column":6}},"line":70}},"branchMap":{},"s":{"0":1,"1":2,"2":2,"3":2,"4":2},"f":{"0":2,"1":2,"2":2,"3":2},"b":{},"_coverageSchema":"1a1c01bbd47fc00a2c39e90264f33305004495a9","hash":"c22fd6f1ff59143b46f295aee638e4e01675ce2b","contentHash":"b2de55e5eddc02e3dc44f6ceeeab31b1298c5e7b7b293683e381b11d94c1d4d3"}
,"/Users/principal/Documents/projects/tunapanda/swag/server/db/seeds/users.js": {"path":"/Users/principal/Documents/projects/tunapanda/swag/server/db/seeds/users.js","statementMap":{"0":{"start":{"line":2,"column":0},"end":{"line":40,"column":2}},"1":{"start":{"line":4,"column":2},"end":{"line":39,"column":7}},"2":{"start":{"line":7,"column":6},"end":{"line":38,"column":9}}},"fnMap":{"0":{"name":"(anonymous_0)","decl":{"start":{"line":2,"column":15},"end":{"line":2,"column":16}},"loc":{"start":{"line":2,"column":31},"end":{"line":40,"column":1}},"line":2},"1":{"name":"(anonymous_1)","decl":{"start":{"line":5,"column":10},"end":{"line":5,"column":11}},"loc":{"start":{"line":5,"column":22},"end":{"line":39,"column":5}},"line":5}},"branchMap":{},"s":{"0":1,"1":2,"2":2},"f":{"0":2,"1":2},"b":{},"_coverageSchema":"1a1c01bbd47fc00a2c39e90264f33305004495a9","hash":"9d7de190dc6fbb7d5661d5505a9a6505badb01aa","contentHash":"1292f6e812415704d28624d35c050fdfa978433cc02954798faf8637d5f39971"}
,"/Users/principal/Documents/projects/tunapanda/swag/server/middleware/authenticate.js": {"path":"/Users/principal/Documents/projects/tunapanda/swag/server/middleware/authenticate.js","statementMap":{"0":{"start":{"line":1,"column":13},"end":{"line":1,"column":38}},"1":{"start":{"line":11,"column":19},"end":{"line":11,"column":105}},"2":{"start":{"line":12,"column":20},"end":{"line":12,"column":100}},"3":{"start":{"line":13,"column":2},"end":{"line":20,"column":3}},"4":{"start":{"line":14,"column":4},"end":{"line":14,"column":17}},"5":{"start":{"line":16,"column":4},"end":{"line":16,"column":21}},"6":{"start":{"line":17,"column":4},"end":{"line":19,"column":6}},"7":{"start":{"line":23,"column":0},"end":{"line":23,"column":35}}},"fnMap":{"0":{"name":"getUserByUsername","decl":{"start":{"line":10,"column":15},"end":{"line":10,"column":32}},"loc":{"start":{"line":10,"column":44},"end":{"line":21,"column":1}},"line":10}},"branchMap":{"0":{"loc":{"start":{"line":13,"column":2},"end":{"line":20,"column":3}},"type":"if","locations":[{"start":{"line":13,"column":2},"end":{"line":20,"column":3}},{"start":{"line":13,"column":2},"end":{"line":20,"column":3}}],"line":13},"1":{"loc":{"start":{"line":13,"column":6},"end":{"line":13,"column":29}},"type":"binary-expr","locations":[{"start":{"line":13,"column":6},"end":{"line":13,"column":15}},{"start":{"line":13,"column":19},"end":{"line":13,"column":29}}],"line":13}},"s":{"0":1,"1":2,"2":2,"3":2,"4":1,"5":1,"6":1,"7":1},"f":{"0":2},"b":{"0":[1,1],"1":[2,1]},"_coverageSchema":"1a1c01bbd47fc00a2c39e90264f33305004495a9","hash":"bf265cfb63b27116a0e4f587d5ee3c0fd9dc050e","contentHash":"cba733b8771f52fcc1cf009aa98a379b2d47e2fcc399f05f8908811f6cb0cc6f"}
,"/Users/principal/Documents/projects/tunapanda/swag/server/middleware/error.js": {"path":"/Users/principal/Documents/projects/tunapanda/swag/server/middleware/error.js","statementMap":{"0":{"start":{"line":2,"column":0},"end":{"line":35,"column":2}},"1":{"start":{"line":4,"column":2},"end":{"line":34,"column":3}},"2":{"start":{"line":5,"column":4},"end":{"line":5,"column":17}},"3":{"start":{"line":7,"column":4},"end":{"line":7,"column":16}},"4":{"start":{"line":8,"column":4},"end":{"line":10,"column":5}},"5":{"start":{"line":9,"column":6},"end":{"line":9,"column":20}},"6":{"start":{"line":12,"column":17},"end":{"line":12,"column":34}},"7":{"start":{"line":13,"column":18},"end":{"line":15,"column":39}},"8":{"start":{"line":17,"column":4},"end":{"line":17,"column":69}},"9":{"start":{"line":19,"column":4},"end":{"line":21,"column":5}},"10":{"start":{"line":20,"column":6},"end":{"line":20,"column":29}},"11":{"start":{"line":23,"column":4},"end":{"line":23,"column":24}},"12":{"start":{"line":26,"column":4},"end":{"line":28,"column":5}},"13":{"start":{"line":27,"column":6},"end":{"line":27,"column":47}},"14":{"start":{"line":30,"column":4},"end":{"line":33,"column":6}}},"fnMap":{"0":{"name":"(anonymous_0)","decl":{"start":{"line":2,"column":17},"end":{"line":2,"column":18}},"loc":{"start":{"line":2,"column":44},"end":{"line":35,"column":1}},"line":2}},"branchMap":{"0":{"loc":{"start":{"line":8,"column":4},"end":{"line":10,"column":5}},"type":"if","locations":[{"start":{"line":8,"column":4},"end":{"line":10,"column":5}},{"start":{"line":8,"column":4},"end":{"line":10,"column":5}}],"line":8},"1":{"loc":{"start":{"line":12,"column":17},"end":{"line":12,"column":34}},"type":"binary-expr","locations":[{"start":{"line":12,"column":17},"end":{"line":12,"column":27}},{"start":{"line":12,"column":31},"end":{"line":12,"column":34}}],"line":12},"2":{"loc":{"start":{"line":13,"column":18},"end":{"line":15,"column":39}},"type":"cond-expr","locations":[{"start":{"line":14,"column":8},"end":{"line":14,"column":19}},{"start":{"line":15,"column":8},"end":{"line":15,"column":39}}],"line":13},"3":{"loc":{"start":{"line":13,"column":18},"end":{"line":13,"column":45}},"type":"binary-expr","locations":[{"start":{"line":13,"column":18},"end":{"line":13,"column":29}},{"start":{"line":13,"column":33},"end":{"line":13,"column":45}}],"line":13},"4":{"loc":{"start":{"line":19,"column":4},"end":{"line":21,"column":5}},"type":"if","locations":[{"start":{"line":19,"column":4},"end":{"line":21,"column":5}},{"start":{"line":19,"column":4},"end":{"line":21,"column":5}}],"line":19},"5":{"loc":{"start":{"line":26,"column":4},"end":{"line":28,"column":5}},"type":"if","locations":[{"start":{"line":26,"column":4},"end":{"line":28,"column":5}},{"start":{"line":26,"column":4},"end":{"line":28,"column":5}}],"line":26}},"s":{"0":1,"1":60,"2":60,"3":9,"4":9,"5":0,"6":9,"7":9,"8":9,"9":9,"10":0,"11":9,"12":9,"13":5,"14":4},"f":{"0":60},"b":{"0":[0,9],"1":[9,0],"2":[9,0],"3":[9,9],"4":[0,9],"5":[5,4]},"_coverageSchema":"1a1c01bbd47fc00a2c39e90264f33305004495a9","hash":"8254bc2411e2508cb08b1e3b5317d90a60750a8e","contentHash":"82a333df30647e7be4ab057f97fbadc61becddb94484f524eb6970519f612a4a"}
,"/Users/principal/Documents/projects/tunapanda/swag/server/middleware/jwt.js": {"path":"/Users/principal/Documents/projects/tunapanda/swag/server/middleware/jwt.js","statementMap":{"0":{"start":{"line":1,"column":12},"end":{"line":1,"column":30}},"1":{"start":{"line":3,"column":15},"end":{"line":3,"column":23}},"2":{"start":{"line":7,"column":0},"end":{"line":10,"column":2}}},"fnMap":{},"branchMap":{},"s":{"0":1,"1":1,"2":1},"f":{},"b":{},"_coverageSchema":"1a1c01bbd47fc00a2c39e90264f33305004495a9","hash":"2f06c68a02e8c12343b48a391d4d220dc58471da","contentHash":"0dd4cfb0bf72ea2b631fb86e584fce03396b3fb870b3646f6ba531035e6ad3c6"}
,"/Users/principal/Documents/projects/tunapanda/swag/server/middleware/logger.js": {"path":"/Users/principal/Documents/projects/tunapanda/swag/server/middleware/logger.js","statementMap":{"0":{"start":{"line":4,"column":0},"end":{"line":9,"column":2}},"1":{"start":{"line":5,"column":16},"end":{"line":5,"column":26}},"2":{"start":{"line":6,"column":2},"end":{"line":6,"column":15}},"3":{"start":{"line":7,"column":13},"end":{"line":7,"column":31}},"4":{"start":{"line":8,"column":2},"end":{"line":8,"column":66}}},"fnMap":{"0":{"name":"(anonymous_0)","decl":{"start":{"line":4,"column":17},"end":{"line":4,"column":18}},"loc":{"start":{"line":4,"column":44},"end":{"line":9,"column":1}},"line":4}},"branchMap":{},"s":{"0":1,"1":60,"2":60,"3":51,"4":51},"f":{"0":60},"b":{},"_coverageSchema":"1a1c01bbd47fc00a2c39e90264f33305004495a9","hash":"631a892b6750641a79fdc3eefd175c4e523de488","contentHash":"fb78fc460608d5dd8c8d2288a45688d39947eb177344510652eca78bef20266a"}
,"/Users/principal/Documents/projects/tunapanda/swag/server/middleware/permController.js": {"path":"/Users/principal/Documents/projects/tunapanda/swag/server/middleware/permController.js","statementMap":{"0":{"start":{"line":1,"column":16},"end":{"line":1,"column":39}},"1":{"start":{"line":2,"column":18},"end":{"line":2,"column":45}},"2":{"start":{"line":4,"column":19},"end":{"line":4,"column":47}},"3":{"start":{"line":20,"column":0},"end":{"line":49,"column":2}},"4":{"start":{"line":21,"column":2},"end":{"line":48,"column":3}},"5":{"start":{"line":22,"column":17},"end":{"line":26,"column":5}},"6":{"start":{"line":27,"column":4},"end":{"line":27,"column":38}},"7":{"start":{"line":28,"column":4},"end":{"line":28,"column":17}},"8":{"start":{"line":29,"column":9},"end":{"line":48,"column":3}},"9":{"start":{"line":30,"column":24},"end":{"line":30,"column":70}},"10":{"start":{"line":31,"column":26},"end":{"line":31,"column":61}},"11":{"start":{"line":35,"column":4},"end":{"line":41,"column":5}},"12":{"start":{"line":36,"column":6},"end":{"line":36,"column":23}},"13":{"start":{"line":37,"column":6},"end":{"line":39,"column":8}},"14":{"start":{"line":40,"column":6},"end":{"line":40,"column":17}},"15":{"start":{"line":42,"column":4},"end":{"line":42,"column":38}},"16":{"start":{"line":45,"column":4},"end":{"line":45,"column":17}},"17":{"start":{"line":47,"column":4},"end":{"line":47,"column":17}},"18":{"start":{"line":69,"column":0},"end":{"line":89,"column":2}},"19":{"start":{"line":71,"column":2},"end":{"line":88,"column":4}},"20":{"start":{"line":72,"column":4},"end":{"line":87,"column":5}},"21":{"start":{"line":73,"column":21},"end":{"line":73,"column":102}},"22":{"start":{"line":74,"column":25},"end":{"line":74,"column":62}},"23":{"start":{"line":75,"column":6},"end":{"line":81,"column":7}},"24":{"start":{"line":76,"column":8},"end":{"line":76,"column":25}},"25":{"start":{"line":77,"column":8},"end":{"line":79,"column":10}},"26":{"start":{"line":80,"column":8},"end":{"line":80,"column":19}},"27":{"start":{"line":83,"column":6},"end":{"line":83,"column":19}},"28":{"start":{"line":85,"column":6},"end":{"line":85,"column":23}},"29":{"start":{"line":86,"column":6},"end":{"line":86,"column":23}}},"fnMap":{"0":{"name":"(anonymous_0)","decl":{"start":{"line":20,"column":22},"end":{"line":20,"column":23}},"loc":{"start":{"line":20,"column":49},"end":{"line":49,"column":1}},"line":20},"1":{"name":"(anonymous_1)","decl":{"start":{"line":69,"column":22},"end":{"line":69,"column":23}},"loc":{"start":{"line":69,"column":50},"end":{"line":89,"column":1}},"line":69},"2":{"name":"(anonymous_2)","decl":{"start":{"line":71,"column":9},"end":{"line":71,"column":10}},"loc":{"start":{"line":71,"column":30},"end":{"line":88,"column":3}},"line":71}},"branchMap":{"0":{"loc":{"start":{"line":21,"column":2},"end":{"line":48,"column":3}},"type":"if","locations":[{"start":{"line":21,"column":2},"end":{"line":48,"column":3}},{"start":{"line":21,"column":2},"end":{"line":48,"column":3}}],"line":21},"1":{"loc":{"start":{"line":29,"column":9},"end":{"line":48,"column":3}},"type":"if","locations":[{"start":{"line":29,"column":9},"end":{"line":48,"column":3}},{"start":{"line":29,"column":9},"end":{"line":48,"column":3}}],"line":29},"2":{"loc":{"start":{"line":29,"column":13},"end":{"line":29,"column":108}},"type":"binary-expr","locations":[{"start":{"line":29,"column":13},"end":{"line":29,"column":45}},{"start":{"line":29,"column":49},"end":{"line":29,"column":108}}],"line":29},"3":{"loc":{"start":{"line":35,"column":4},"end":{"line":41,"column":5}},"type":"if","locations":[{"start":{"line":35,"column":4},"end":{"line":41,"column":5}},{"start":{"line":35,"column":4},"end":{"line":41,"column":5}}],"line":35},"4":{"loc":{"start":{"line":73,"column":21},"end":{"line":73,"column":102}},"type":"cond-expr","locations":[{"start":{"line":73,"column":56},"end":{"line":73,"column":80}},{"start":{"line":73,"column":83},"end":{"line":73,"column":102}}],"line":73},"5":{"loc":{"start":{"line":75,"column":6},"end":{"line":81,"column":7}},"type":"if","locations":[{"start":{"line":75,"column":6},"end":{"line":81,"column":7}},{"start":{"line":75,"column":6},"end":{"line":81,"column":7}}],"line":75}},"s":{"0":1,"1":1,"2":1,"3":1,"4":5,"5":0,"6":0,"7":0,"8":5,"9":5,"10":5,"11":5,"12":0,"13":0,"14":0,"15":5,"16":5,"17":0,"18":1,"19":11,"20":17,"21":17,"22":17,"23":17,"24":0,"25":0,"26":0,"27":17,"28":4,"29":4},"f":{"0":5,"1":11,"2":17},"b":{"0":[0,5],"1":[5,0],"2":[5,5],"3":[0,5],"4":[16,1],"5":[0,17]},"_coverageSchema":"1a1c01bbd47fc00a2c39e90264f33305004495a9","hash":"6b3692b22fb265faf5fe6c9404e263079232e119","contentHash":"f1cb8be7d338caa02dfe97cff37547e03c041478db8cefd03fa9917b8bb6a249"}
,"/Users/principal/Documents/projects/tunapanda/swag/server/middleware/_helpers/roles.js": {"path":"/Users/principal/Documents/projects/tunapanda/swag/server/middleware/_helpers/roles.js","statementMap":{"0":{"start":{"line":1,"column":22},"end":{"line":1,"column":46}},"1":{"start":{"line":14,"column":16},"end":{"line":36,"column":1}},"2":{"start":{"line":37,"column":9},"end":{"line":37,"column":37}},"3":{"start":{"line":39,"column":0},"end":{"line":51,"column":5}},"4":{"start":{"line":40,"column":2},"end":{"line":40,"column":20}},"5":{"start":{"line":42,"column":2},"end":{"line":43,"column":21}},"6":{"start":{"line":45,"column":2},"end":{"line":47,"column":21}},"7":{"start":{"line":48,"column":2},"end":{"line":48,"column":17}},"8":{"start":{"line":50,"column":2},"end":{"line":50,"column":12}},"9":{"start":{"line":53,"column":0},"end":{"line":58,"column":2}}},"fnMap":{"0":{"name":"(anonymous_0)","decl":{"start":{"line":39,"column":17},"end":{"line":39,"column":18}},"loc":{"start":{"line":39,"column":23},"end":{"line":51,"column":1}},"line":39}},"branchMap":{},"s":{"0":1,"1":1,"2":1,"3":1,"4":1,"5":1,"6":1,"7":1,"8":1,"9":1},"f":{"0":1},"b":{},"_coverageSchema":"1a1c01bbd47fc00a2c39e90264f33305004495a9","hash":"05c2e1ad6398a4cac5370749597e4a854b63a91f","contentHash":"56ead704f4a0a915739f99afadc415455821ef8eed534314f74b869b4221e8c0"}
,"/Users/principal/Documents/projects/tunapanda/swag/server/middleware/validation/validateAchievement.js": {"path":"/Users/principal/Documents/projects/tunapanda/swag/server/middleware/validation/validateAchievement.js","statementMap":{"0":{"start":{"line":2,"column":17},"end":{"line":2,"column":39}},"1":{"start":{"line":5,"column":2},"end":{"line":16,"column":3}},"2":{"start":{"line":6,"column":4},"end":{"line":13,"column":7}},"3":{"start":{"line":15,"column":4},"end":{"line":15,"column":38}},"4":{"start":{"line":17,"column":2},"end":{"line":17,"column":15}},"5":{"start":{"line":20,"column":0},"end":{"line":20,"column":37}}},"fnMap":{"0":{"name":"validateAchievement","decl":{"start":{"line":4,"column":15},"end":{"line":4,"column":34}},"loc":{"start":{"line":4,"column":46},"end":{"line":18,"column":1}},"line":4}},"branchMap":{},"s":{"0":1,"1":0,"2":0,"3":0,"4":0,"5":1},"f":{"0":0},"b":{},"_coverageSchema":"1a1c01bbd47fc00a2c39e90264f33305004495a9","hash":"9c2b6590c67df33c0f4ba50d9687b3f71f37e4f3","contentHash":"418d39782e702f5d7821e60a3bb7e2918142976dec1cdb7fabb6612f55b99ab0"}
,"/Users/principal/Documents/projects/tunapanda/swag/server/middleware/validation/validateActivity.js": {"path":"/Users/principal/Documents/projects/tunapanda/swag/server/middleware/validation/validateActivity.js","statementMap":{"0":{"start":{"line":2,"column":17},"end":{"line":2,"column":39}},"1":{"start":{"line":5,"column":2},"end":{"line":22,"column":3}},"2":{"start":{"line":6,"column":4},"end":{"line":19,"column":7}},"3":{"start":{"line":21,"column":4},"end":{"line":21,"column":38}},"4":{"start":{"line":23,"column":2},"end":{"line":23,"column":15}},"5":{"start":{"line":26,"column":0},"end":{"line":26,"column":34}}},"fnMap":{"0":{"name":"validateActivity","decl":{"start":{"line":4,"column":15},"end":{"line":4,"column":31}},"loc":{"start":{"line":4,"column":43},"end":{"line":24,"column":1}},"line":4}},"branchMap":{},"s":{"0":1,"1":2,"2":2,"3":1,"4":1,"5":1},"f":{"0":2},"b":{},"_coverageSchema":"1a1c01bbd47fc00a2c39e90264f33305004495a9","hash":"270610c62d4105d28e5c29405e3c8765231305fe","contentHash":"54f2ec7dff82b254dc6e82f78a111bd1fddf20e3d2c1d518e56e79d2d1a0a16c"}
,"/Users/principal/Documents/projects/tunapanda/swag/server/middleware/validation/validateAuthRoutes.js": {"path":"/Users/principal/Documents/projects/tunapanda/swag/server/middleware/validation/validateAuthRoutes.js","statementMap":{"0":{"start":{"line":1,"column":17},"end":{"line":1,"column":39}},"1":{"start":{"line":4,"column":2},"end":{"line":42,"column":3}},"2":{"start":{"line":5,"column":4},"end":{"line":39,"column":7}},"3":{"start":{"line":7,"column":8},"end":{"line":11,"column":9}},"4":{"start":{"line":8,"column":10},"end":{"line":10,"column":12}},"5":{"start":{"line":12,"column":8},"end":{"line":15,"column":10}},"6":{"start":{"line":18,"column":8},"end":{"line":22,"column":9}},"7":{"start":{"line":19,"column":10},"end":{"line":21,"column":12}},"8":{"start":{"line":23,"column":8},"end":{"line":26,"column":10}},"9":{"start":{"line":41,"column":4},"end":{"line":41,"column":38}},"10":{"start":{"line":43,"column":2},"end":{"line":43,"column":15}},"11":{"start":{"line":47,"column":2},"end":{"line":63,"column":3}},"12":{"start":{"line":48,"column":4},"end":{"line":60,"column":7}},"13":{"start":{"line":62,"column":4},"end":{"line":62,"column":37}},"14":{"start":{"line":64,"column":2},"end":{"line":64,"column":15}},"15":{"start":{"line":66,"column":0},"end":{"line":69,"column":2}}},"fnMap":{"0":{"name":"validateNewUser","decl":{"start":{"line":3,"column":15},"end":{"line":3,"column":30}},"loc":{"start":{"line":3,"column":42},"end":{"line":44,"column":1}},"line":3},"1":{"name":"(anonymous_1)","decl":{"start":{"line":6,"column":13},"end":{"line":6,"column":14}},"loc":{"start":{"line":6,"column":42},"end":{"line":16,"column":7}},"line":6},"2":{"name":"(anonymous_2)","decl":{"start":{"line":17,"column":19},"end":{"line":17,"column":20}},"loc":{"start":{"line":17,"column":48},"end":{"line":27,"column":7}},"line":17},"3":{"name":"validateUserLogin","decl":{"start":{"line":46,"column":15},"end":{"line":46,"column":32}},"loc":{"start":{"line":46,"column":44},"end":{"line":65,"column":1}},"line":46}},"branchMap":{"0":{"loc":{"start":{"line":7,"column":8},"end":{"line":11,"column":9}},"type":"if","locations":[{"start":{"line":7,"column":8},"end":{"line":11,"column":9}},{"start":{"line":7,"column":8},"end":{"line":11,"column":9}}],"line":7},"1":{"loc":{"start":{"line":18,"column":8},"end":{"line":22,"column":9}},"type":"if","locations":[{"start":{"line":18,"column":8},"end":{"line":22,"column":9}},{"start":{"line":18,"column":8},"end":{"line":22,"column":9}}],"line":18}},"s":{"0":1,"1":3,"2":3,"3":3,"4":0,"5":3,"6":3,"7":2,"8":1,"9":1,"10":2,"11":2,"12":2,"13":1,"14":1,"15":1},"f":{"0":3,"1":3,"2":3,"3":2},"b":{"0":[0,3],"1":[2,1]},"_coverageSchema":"1a1c01bbd47fc00a2c39e90264f33305004495a9","hash":"8f21953b4bbf9d97745eb0bcd92b318c914495e5","contentHash":"ca7b4b328214f02dc8e55cfc3bfbf53d87d4f51113f0b2fb995c0796a5046299"}
,"/Users/principal/Documents/projects/tunapanda/swag/server/middleware/validation/validateChapter.js": {"path":"/Users/principal/Documents/projects/tunapanda/swag/server/middleware/validation/validateChapter.js","statementMap":{"0":{"start":{"line":2,"column":17},"end":{"line":2,"column":39}},"1":{"start":{"line":5,"column":2},"end":{"line":29,"column":3}},"2":{"start":{"line":6,"column":4},"end":{"line":26,"column":7}},"3":{"start":{"line":28,"column":4},"end":{"line":28,"column":38}},"4":{"start":{"line":30,"column":2},"end":{"line":30,"column":15}},"5":{"start":{"line":33,"column":0},"end":{"line":33,"column":33}}},"fnMap":{"0":{"name":"validateChapter","decl":{"start":{"line":4,"column":15},"end":{"line":4,"column":30}},"loc":{"start":{"line":4,"column":42},"end":{"line":31,"column":1}},"line":4}},"branchMap":{},"s":{"0":1,"1":2,"2":2,"3":1,"4":1,"5":1},"f":{"0":2},"b":{},"_coverageSchema":"1a1c01bbd47fc00a2c39e90264f33305004495a9","hash":"303c5ea106b08699068be29e9a329e9e133523d0","contentHash":"cbe35330963875dea62d50e4dff01250f9d1dc2792469ff192ffb304419ac041"}
,"/Users/principal/Documents/projects/tunapanda/swag/server/middleware/validation/validatePostData.js": {"path":"/Users/principal/Documents/projects/tunapanda/swag/server/middleware/validation/validatePostData.js","statementMap":{"0":{"start":{"line":1,"column":17},"end":{"line":1,"column":39}},"1":{"start":{"line":39,"column":2},"end":{"line":63,"column":3}},"2":{"start":{"line":40,"column":4},"end":{"line":60,"column":7}},"3":{"start":{"line":62,"column":4},"end":{"line":62,"column":38}},"4":{"start":{"line":64,"column":2},"end":{"line":64,"column":15}},"5":{"start":{"line":70,"column":2},"end":{"line":94,"column":3}},"6":{"start":{"line":71,"column":4},"end":{"line":91,"column":7}},"7":{"start":{"line":93,"column":4},"end":{"line":93,"column":38}},"8":{"start":{"line":95,"column":2},"end":{"line":95,"column":15}},"9":{"start":{"line":100,"column":2},"end":{"line":124,"column":3}},"10":{"start":{"line":101,"column":4},"end":{"line":121,"column":7}},"11":{"start":{"line":123,"column":4},"end":{"line":123,"column":38}},"12":{"start":{"line":125,"column":2},"end":{"line":125,"column":15}},"13":{"start":{"line":130,"column":2},"end":{"line":154,"column":3}},"14":{"start":{"line":131,"column":4},"end":{"line":151,"column":7}},"15":{"start":{"line":153,"column":4},"end":{"line":153,"column":38}},"16":{"start":{"line":155,"column":2},"end":{"line":155,"column":15}},"17":{"start":{"line":159,"column":0},"end":{"line":164,"column":2}}},"fnMap":{"0":{"name":"validateCourses","decl":{"start":{"line":37,"column":15},"end":{"line":37,"column":30}},"loc":{"start":{"line":37,"column":42},"end":{"line":65,"column":1}},"line":37},"1":{"name":"validatePaths","decl":{"start":{"line":68,"column":15},"end":{"line":68,"column":28}},"loc":{"start":{"line":68,"column":40},"end":{"line":96,"column":1}},"line":68},"2":{"name":"validateLessons","decl":{"start":{"line":98,"column":15},"end":{"line":98,"column":30}},"loc":{"start":{"line":98,"column":42},"end":{"line":126,"column":1}},"line":98},"3":{"name":"validateModules","decl":{"start":{"line":128,"column":15},"end":{"line":128,"column":30}},"loc":{"start":{"line":128,"column":42},"end":{"line":156,"column":1}},"line":128}},"branchMap":{},"s":{"0":1,"1":3,"2":3,"3":1,"4":2,"5":2,"6":2,"7":1,"8":1,"9":2,"10":2,"11":1,"12":1,"13":0,"14":0,"15":0,"16":0,"17":1},"f":{"0":3,"1":2,"2":2,"3":0},"b":{},"_coverageSchema":"1a1c01bbd47fc00a2c39e90264f33305004495a9","hash":"c31e3973fb33bcb8b54c477569a5ce989322de56","contentHash":"89cfa81f63aae6bf0056da6d9d356d1ad4d6785d481c0be9f0867e217b3c6012"}
,"/Users/principal/Documents/projects/tunapanda/swag/server/models/_model.js": {"path":"/Users/principal/Documents/projects/tunapanda/swag/server/models/_model.js","statementMap":{"0":{"start":{"line":1,"column":18},"end":{"line":1,"column":38}},"1":{"start":{"line":2,"column":13},"end":{"line":2,"column":32}},"2":{"start":{"line":3,"column":10},"end":{"line":3,"column":27}},"3":{"start":{"line":4,"column":27},"end":{"line":4,"column":59}},"4":{"start":{"line":5,"column":15},"end":{"line":5,"column":41}},"5":{"start":{"line":10,"column":4},"end":{"line":10,"column":14}},"6":{"start":{"line":14,"column":4},"end":{"line":14,"column":46}},"7":{"start":{"line":15,"column":4},"end":{"line":15,"column":46}},"8":{"start":{"line":19,"column":4},"end":{"line":19,"column":46}},"9":{"start":{"line":23,"column":4},"end":{"line":27,"column":5}},"10":{"start":{"line":24,"column":6},"end":{"line":24,"column":36}},"11":{"start":{"line":26,"column":6},"end":{"line":26,"column":115}},"12":{"start":{"line":31,"column":4},"end":{"line":35,"column":5}},"13":{"start":{"line":32,"column":6},"end":{"line":32,"column":36}},"14":{"start":{"line":34,"column":6},"end":{"line":34,"column":115}},"15":{"start":{"line":39,"column":4},"end":{"line":39,"column":35}},"16":{"start":{"line":41,"column":4},"end":{"line":41,"column":41}},"17":{"start":{"line":42,"column":4},"end":{"line":42,"column":25}},"18":{"start":{"line":44,"column":4},"end":{"line":44,"column":44}},"19":{"start":{"line":48,"column":4},"end":{"line":48,"column":39}},"20":{"start":{"line":50,"column":30},"end":{"line":50,"column":63}},"21":{"start":{"line":52,"column":4},"end":{"line":54,"column":5}},"22":{"start":{"line":53,"column":6},"end":{"line":53,"column":40}},"23":{"start":{"line":56,"column":4},"end":{"line":56,"column":45}},"24":{"start":{"line":58,"column":4},"end":{"line":58,"column":16}},"25":{"start":{"line":62,"column":4},"end":{"line":62,"column":30}},"26":{"start":{"line":66,"column":4},"end":{"line":66,"column":30}},"27":{"start":{"line":70,"column":0},"end":{"line":70,"column":16}},"28":{"start":{"line":72,"column":0},"end":{"line":72,"column":22}}},"fnMap":{"0":{"name":"(anonymous_0)","decl":{"start":{"line":9,"column":2},"end":{"line":9,"column":3}},"loc":{"start":{"line":9,"column":23},"end":{"line":11,"column":3}},"line":9},"1":{"name":"(anonymous_1)","decl":{"start":{"line":13,"column":2},"end":{"line":13,"column":3}},"loc":{"start":{"line":13,"column":18},"end":{"line":16,"column":3}},"line":13},"2":{"name":"(anonymous_2)","decl":{"start":{"line":18,"column":2},"end":{"line":18,"column":3}},"loc":{"start":{"line":18,"column":18},"end":{"line":20,"column":3}},"line":18},"3":{"name":"(anonymous_3)","decl":{"start":{"line":22,"column":2},"end":{"line":22,"column":3}},"loc":{"start":{"line":22,"column":17},"end":{"line":28,"column":3}},"line":22},"4":{"name":"(anonymous_4)","decl":{"start":{"line":30,"column":2},"end":{"line":30,"column":3}},"loc":{"start":{"line":30,"column":17},"end":{"line":36,"column":3}},"line":30},"5":{"name":"(anonymous_5)","decl":{"start":{"line":38,"column":2},"end":{"line":38,"column":3}},"loc":{"start":{"line":38,"column":20},"end":{"line":45,"column":3}},"line":38},"6":{"name":"(anonymous_6)","decl":{"start":{"line":47,"column":2},"end":{"line":47,"column":3}},"loc":{"start":{"line":47,"column":24},"end":{"line":59,"column":3}},"line":47},"7":{"name":"(anonymous_7)","decl":{"start":{"line":61,"column":2},"end":{"line":61,"column":3}},"loc":{"start":{"line":61,"column":15},"end":{"line":63,"column":3}},"line":61},"8":{"name":"(anonymous_8)","decl":{"start":{"line":65,"column":2},"end":{"line":65,"column":3}},"loc":{"start":{"line":65,"column":28},"end":{"line":67,"column":3}},"line":65}},"branchMap":{"0":{"loc":{"start":{"line":23,"column":4},"end":{"line":27,"column":5}},"type":"if","locations":[{"start":{"line":23,"column":4},"end":{"line":27,"column":5}},{"start":{"line":23,"column":4},"end":{"line":27,"column":5}}],"line":23},"1":{"loc":{"start":{"line":31,"column":4},"end":{"line":35,"column":5}},"type":"if","locations":[{"start":{"line":31,"column":4},"end":{"line":35,"column":5}},{"start":{"line":31,"column":4},"end":{"line":35,"column":5}}],"line":31},"2":{"loc":{"start":{"line":52,"column":4},"end":{"line":54,"column":5}},"type":"if","locations":[{"start":{"line":52,"column":4},"end":{"line":54,"column":5}},{"start":{"line":52,"column":4},"end":{"line":54,"column":5}}],"line":52}},"s":{"0":1,"1":1,"2":1,"3":1,"4":1,"5":22,"6":7,"7":7,"8":5,"9":7,"10":0,"11":7,"12":5,"13":0,"14":5,"15":103,"16":103,"17":103,"18":103,"19":12,"20":12,"21":12,"22":0,"23":12,"24":12,"25":63,"26":114,"27":1,"28":1},"f":{"0":22,"1":7,"2":5,"3":7,"4":5,"5":103,"6":12,"7":63,"8":114},"b":{"0":[0,7],"1":[0,5],"2":[0,12]},"_coverageSchema":"1a1c01bbd47fc00a2c39e90264f33305004495a9","hash":"253df1980c22cdbf30a845c42a284794a930b32c","contentHash":"42826b256d29b69f66f8d068c191f6886c116231c295dcf0c570c1d082f439d8"}
,"/Users/principal/Documents/projects/tunapanda/swag/server/models/achievement.js": {"path":"/Users/principal/Documents/projects/tunapanda/swag/server/models/achievement.js","statementMap":{"0":{"start":{"line":1,"column":14},"end":{"line":1,"column":33}},"1":{"start":{"line":2,"column":13},"end":{"line":2,"column":32}},"2":{"start":{"line":6,"column":4},"end":{"line":6,"column":26}},"3":{"start":{"line":10,"column":4},"end":{"line":10,"column":14}},"4":{"start":{"line":14,"column":0},"end":{"line":14,"column":23}},"5":{"start":{"line":15,"column":0},"end":{"line":15,"column":29}}},"fnMap":{"0":{"name":"(anonymous_0)","decl":{"start":{"line":5,"column":2},"end":{"line":5,"column":3}},"loc":{"start":{"line":5,"column":25},"end":{"line":7,"column":3}},"line":5},"1":{"name":"(anonymous_1)","decl":{"start":{"line":9,"column":2},"end":{"line":9,"column":3}},"loc":{"start":{"line":9,"column":32},"end":{"line":11,"column":3}},"line":9}},"branchMap":{},"s":{"0":1,"1":1,"2":30,"3":0,"4":1,"5":1},"f":{"0":30,"1":0},"b":{},"_coverageSchema":"1a1c01bbd47fc00a2c39e90264f33305004495a9","hash":"52f65ce80a97a79fb5cf8b420ed30ea5e43b07ce","contentHash":"61a3cd87ec1b39e569f22153ee9ed805c4ddd9e2ee2869e5cf1a47a6e9470a5f"}
,"/Users/principal/Documents/projects/tunapanda/swag/server/models/achievement_awards.js": {"path":"/Users/principal/Documents/projects/tunapanda/swag/server/models/achievement_awards.js","statementMap":{"0":{"start":{"line":1,"column":14},"end":{"line":1,"column":33}},"1":{"start":{"line":2,"column":13},"end":{"line":2,"column":32}},"2":{"start":{"line":6,"column":4},"end":{"line":6,"column":32}},"3":{"start":{"line":10,"column":4},"end":{"line":10,"column":14}},"4":{"start":{"line":14,"column":4},"end":{"line":18,"column":6}},"5":{"start":{"line":16,"column":8},"end":{"line":16,"column":37}},"6":{"start":{"line":22,"column":0},"end":{"line":22,"column":29}},"7":{"start":{"line":23,"column":0},"end":{"line":23,"column":35}}},"fnMap":{"0":{"name":"(anonymous_0)","decl":{"start":{"line":5,"column":2},"end":{"line":5,"column":3}},"loc":{"start":{"line":5,"column":25},"end":{"line":7,"column":3}},"line":5},"1":{"name":"(anonymous_1)","decl":{"start":{"line":9,"column":2},"end":{"line":9,"column":3}},"loc":{"start":{"line":9,"column":32},"end":{"line":11,"column":3}},"line":9},"2":{"name":"(anonymous_2)","decl":{"start":{"line":13,"column":2},"end":{"line":13,"column":3}},"loc":{"start":{"line":13,"column":25},"end":{"line":19,"column":3}},"line":13},"3":{"name":"(anonymous_3)","decl":{"start":{"line":15,"column":28},"end":{"line":15,"column":29}},"loc":{"start":{"line":15,"column":41},"end":{"line":17,"column":7}},"line":15}},"branchMap":{},"s":{"0":1,"1":1,"2":40,"3":0,"4":6,"5":3,"6":1,"7":1},"f":{"0":40,"1":0,"2":6,"3":3},"b":{},"_coverageSchema":"1a1c01bbd47fc00a2c39e90264f33305004495a9","hash":"165526d7a7cbc03c05c469958e813125c14f3407","contentHash":"9895096a741ddddf71eb84430cb8b3b23543bce7e7e5736ddd9ea97da656d03a"}
,"/Users/principal/Documents/projects/tunapanda/swag/server/models/activity.js": {"path":"/Users/principal/Documents/projects/tunapanda/swag/server/models/activity.js","statementMap":{"0":{"start":{"line":1,"column":14},"end":{"line":1,"column":33}},"1":{"start":{"line":2,"column":13},"end":{"line":2,"column":32}},"2":{"start":{"line":3,"column":23},"end":{"line":3,"column":66}},"3":{"start":{"line":7,"column":4},"end":{"line":7,"column":22}},"4":{"start":{"line":11,"column":4},"end":{"line":11,"column":26}},"5":{"start":{"line":14,"column":4},"end":{"line":14,"column":14}},"6":{"start":{"line":18,"column":0},"end":{"line":18,"column":20}},"7":{"start":{"line":19,"column":0},"end":{"line":19,"column":26}}},"fnMap":{"0":{"name":"(anonymous_0)","decl":{"start":{"line":6,"column":2},"end":{"line":6,"column":3}},"loc":{"start":{"line":6,"column":25},"end":{"line":8,"column":3}},"line":6},"1":{"name":"(anonymous_1)","decl":{"start":{"line":10,"column":2},"end":{"line":10,"column":3}},"loc":{"start":{"line":10,"column":25},"end":{"line":12,"column":3}},"line":10},"2":{"name":"(anonymous_2)","decl":{"start":{"line":13,"column":2},"end":{"line":13,"column":3}},"loc":{"start":{"line":13,"column":32},"end":{"line":15,"column":3}},"line":13}},"branchMap":{},"s":{"0":1,"1":1,"2":1,"3":51,"4":1,"5":1,"6":1,"7":1},"f":{"0":51,"1":1,"2":1},"b":{},"_coverageSchema":"1a1c01bbd47fc00a2c39e90264f33305004495a9","hash":"dc0d6517b3bb5e851f7369477c4bf7f74d0e84d3","contentHash":"87d56ea6fa1ced0911d92dcc9f651b783aa5b3cca4722c63be1c192efd110b3f"}
[...]
"/Users/principal/Documents/projects/tunapanda/swag/server/routes/search.js","statementMap":{"0":{"start":{"line":1,"column":15},"end":{"line":1,"column":36}},"1":{"start":{"line":2,"column":15},"end":{"line":2,"column":41}},"2":{"start":{"line":3,"column":10},"end":{"line":3,"column":27}},"3":{"start":{"line":12,"column":15},"end":{"line":14,"column":2}},"4":{"start":{"line":16,"column":0},"end":{"line":52,"column":3}},"5":{"start":{"line":17,"column":20},"end":{"line":17,"column":31}},"6":{"start":{"line":19,"column":2},"end":{"line":51,"column":3}},"7":{"start":{"line":20,"column":28},"end":{"line":37,"column":6}},"8":{"start":{"line":39,"column":20},"end":{"line":39,"column":87}},"9":{"start":{"line":39,"column":69},"end":{"line":39,"column":86}},"10":{"start":{"line":43,"column":4},"end":{"line":43,"column":23}},"11":{"start":{"line":45,"column":4},"end":{"line":50,"column":5}},"12":{"start":{"line":46,"column":6},"end":{"line":46,"column":23}},"13":{"start":{"line":47,"column":6},"end":{"line":49,"column":8}},"14":{"start":{"line":54,"column":0},"end":{"line":54,"column":33}}},"fnMap":{"0":{"name":"(anonymous_0)","decl":{"start":{"line":16,"column":16},"end":{"line":16,"column":17}},"loc":{"start":{"line":16,"column":29},"end":{"line":52,"column":1}},"line":16},"1":{"name":"(anonymous_1)","decl":{"start":{"line":39,"column":62},"end":{"line":39,"column":63}},"loc":{"start":{"line":39,"column":69},"end":{"line":39,"column":86}},"line":39}},"branchMap":{"0":{"loc":{"start":{"line":45,"column":4},"end":{"line":50,"column":5}},"type":"if","locations":[{"start":{"line":45,"column":4},"end":{"line":50,"column":5}},{"start":{"line":45,"column":4},"end":{"line":50,"column":5}}],"line":45}},"s":{"0":1,"1":1,"2":1,"3":1,"4":1,"5":0,"6":0,"7":0,"8":0,"9":0,"10":0,"11":0,"12":0,"13":0,"14":1},"f":{"0":0,"1":0},"b":{"0":[0,0]},"_coverageSchema":"1a1c01bbd47fc00a2c39e90264f33305004495a9","hash":"092ea3577aa0c976bfec09d289737dd99dbd5083","contentHash":"463a370f7ceae9d7d786b24f8acee3fba73d8904bf37ed543af3251253355e65"}
,"/Users/principal/Documents/projects/tunapanda/swag/server/routes/users.js": {"path":"/Users/principal/Documents/projects/tunapanda/swag/server/routes/users.js","statementMap":{"0":{"start":{"line":1,"column":15},"end":{"line":1,"column":36}},"1":{"start":{"line":2,"column":13},"end":{"line":2,"column":38}},"2":{"start":{"line":3,"column":27},"end":{"line":3,"column":81}},"3":{"start":{"line":4,"column":15},"end":{"line":4,"column":32}},"4":{"start":{"line":5,"column":26},"end":{"line":5,"column":63}},"5":{"start":{"line":6,"column":23},"end":{"line":6,"column":62}},"6":{"start":{"line":7,"column":12},"end":{"line":7,"column":40}},"7":{"start":{"line":9,"column":20},"end":{"line":9,"column":57}},"8":{"start":{"line":10,"column":15},"end":{"line":10,"column":53}},"9":{"start":{"line":11,"column":13},"end":{"line":11,"column":36}},"10":{"start":{"line":13,"column":15},"end":{"line":15,"column":2}},"11":{"start":{"line":19,"column":2},"end":{"line":33,"column":3}},"12":{"start":{"line":20,"column":4},"end":{"line":30,"column":5}},"13":{"start":{"line":21,"column":6},"end":{"line":23,"column":9}},"14":{"start":{"line":22,"column":8},"end":{"line":22,"column":49}},"15":{"start":{"line":25,"column":6},"end":{"line":29,"column":9}},"16":{"start":{"line":26,"column":8},"end":{"line":28,"column":11}},"17":{"start":{"line":27,"column":10},"end":{"line":27,"column":51}},"18":{"start":{"line":32,"column":4},"end":{"line":32,"column":23}},"19":{"start":{"line":45,"column":2},"end":{"line":50,"column":3}},"20":{"start":{"line":46,"column":17},"end":{"line":46,"column":70}},"21":{"start":{"line":48,"column":4},"end":{"line":48,"column":42}},"22":{"start":{"line":49,"column":4},"end":{"line":49,"column":38}},"23":{"start":{"line":51,"column":2},"end":{"line":51,"column":15}},"24":{"start":{"line":54,"column":0},"end":{"line":68,"column":3}},"25":{"start":{"line":56,"column":2},"end":{"line":56,"column":80}},"26":{"start":{"line":57,"column":2},"end":{"line":57,"column":74}},"27":{"start":{"line":59,"column":16},"end":{"line":59,"column":37}},"28":{"start":{"line":61,"column":15},"end":{"line":61,"column":57}},"29":{"start":{"line":62,"column":2},"end":{"line":62,"column":87}},"30":{"start":{"line":64,"column":2},"end":{"line":64,"column":49}},"31":{"start":{"line":66,"column":2},"end":{"line":66,"column":19}},"32":{"start":{"line":67,"column":2},"end":{"line":67,"column":22}},"33":{"start":{"line":70,"column":0},"end":{"line":90,"column":3}},"34":{"start":{"line":71,"column":15},"end":{"line":71,"column":140}},"35":{"start":{"line":72,"column":2},"end":{"line":72,"column":19}},"36":{"start":{"line":75,"column":2},"end":{"line":77,"column":3}},"37":{"start":{"line":76,"column":4},"end":{"line":76,"column":43}},"38":{"start":{"line":79,"column":2},"end":{"line":81,"column":3}},"39":{"start":{"line":80,"column":4},"end":{"line":80,"column":68}},"40":{"start":{"line":84,"column":27},"end":{"line":84,"column":94}},"41":{"start":{"line":85,"column":2},"end":{"line":85,"column":43}},"42":{"start":{"line":87,"column":2},"end":{"line":87,"column":19}},"43":{"start":{"line":88,"column":2},"end":{"line":88,"column":22}},"44":{"start":{"line":91,"column":0},"end":{"line":111,"column":3}},"45":{"start":{"line":92,"column":13},"end":{"line":92,"column":25}},"46":{"start":{"line":94,"column":2},"end":{"line":97,"column":3}},"47":{"start":{"line":95,"column":4},"end":{"line":95,"column":47}},"48":{"start":{"line":96,"column":4},"end":{"line":96,"column":56}},"49":{"start":{"line":98,"column":2},"end":{"line":106,"column":3}},"50":{"start":{"line":99,"column":4},"end":{"line":99,"column":105}},"51":{"start":{"line":101,"column":4},"end":{"line":104,"column":61}},"52":{"start":{"line":102,"column":6},"end":{"line":102,"column":75}},"53":{"start":{"line":103,"column":6},"end":{"line":103,"column":61}},"54":{"start":{"line":104,"column":13},"end":{"line":104,"column":59}},"55":{"start":{"line":105,"column":4},"end":{"line":105,"column":12}},"56":{"start":{"line":108,"column":2},"end":{"line":108,"column":19}},"57":{"start":{"line":110,"column":2},"end":{"line":110,"column":22}},"58":{"start":{"line":113,"column":0},"end":{"line":120,"column":3}},"59":{"start":{"line":114,"column":15},"end":{"line":114,"column":89}},"60":{"start":{"line":115,"column":2},"end":{"line":115,"column":53}},"61":{"start":{"line":117,"column":2},"end":{"line":117,"column":19}},"62":{"start":{"line":118,"column":2},"end":{"line":118,"column":22}},"63":{"start":{"line":122,"column":0},"end":{"line":122,"column":33}}},"fnMap":{"0":{"name":"returnType","decl":{"start":{"line":18,"column":15},"end":{"line":18,"column":25}},"loc":{"start":{"line":18,"column":34},"end":{"line":34,"column":1}},"line":18},"1":{"name":"(anonymous_1)","decl":{"start":{"line":21,"column":39},"end":{"line":21,"column":40}},"loc":{"start":{"line":21,"column":49},"end":{"line":23,"column":7}},"line":21},"2":{"name":"(anonymous_2)","decl":{"start":{"line":25,"column":21},"end":{"line":25,"column":22}},"loc":{"start":{"line":25,"column":28},"end":{"line":29,"column":7}},"line":25},"3":{"name":"(anonymous_3)","decl":{"start":{"line":26,"column":38},"end":{"line":26,"column":39}},"loc":{"start":{"line":26,"column":48},"end":{"line":28,"column":9}},"line":26},"4":{"name":"createPasswordHash","decl":{"start":{"line":44,"column":15},"end":{"line":44,"column":33}},"loc":{"start":{"line":44,"column":45},"end":{"line":52,"column":1}},"line":44},"5":{"name":"(anonymous_5)","decl":{"start":{"line":54,"column":92},"end":{"line":54,"column":93}},"loc":{"start":{"line":54,"column":105},"end":{"line":68,"column":1}},"line":54},"6":{"name":"(anonymous_6)","decl":{"start":{"line":70,"column":47},"end":{"line":70,"column":48}},"loc":{"start":{"line":70,"column":60},"end":{"line":90,"column":1}},"line":70},"7":{"name":"(anonymous_7)","decl":{"start":{"line":91,"column":94},"end":{"line":91,"column":95}},"loc":{"start":{"line":91,"column":107},"end":{"line":111,"column":1}},"line":91},"8":{"name":"(anonymous_8)","decl":{"start":{"line":113,"column":89},"end":{"line":113,"column":90}},"loc":{"start":{"line":113,"column":102},"end":{"line":120,"column":1}},"line":113}},"branchMap":{"0":{"loc":{"start":{"line":9,"column":20},"end":{"line":9,"column":57}},"type":"binary-expr","locations":[{"start":{"line":9,"column":20},"end":{"line":9,"column":40}},{"start":{"line":9,"column":44},"end":{"line":9,"column":57}}],"line":9},"1":{"loc":{"start":{"line":20,"column":4},"end":{"line":30,"column":5}},"type":"if","locations":[{"start":{"line":20,"column":4},"end":{"line":30,"column":5}},{"start":{"line":20,"column":4},"end":{"line":30,"column":5}}],"line":20},"2":{"loc":{"start":{"line":45,"column":2},"end":{"line":50,"column":3}},"type":"if","locations":[{"start":{"line":45,"column":2},"end":{"line":50,"column":3}},{"start":{"line":45,"column":2},"end":{"line":50,"column":3}}],"line":45},"3":{"loc":{"start":{"line":75,"column":2},"end":{"line":77,"column":3}},"type":"if","locations":[{"start":{"line":75,"column":2},"end":{"line":77,"column":3}},{"start":{"line":75,"column":2},"end":{"line":77,"column":3}}],"line":75},"4":{"loc":{"start":{"line":79,"column":2},"end":{"line":81,"column":3}},"type":"if","locations":[{"start":{"line":79,"column":2},"end":{"line":81,"column":3}},{"start":{"line":79,"column":2},"end":{"line":81,"column":3}}],"line":79},"5":{"loc":{"start":{"line":94,"column":2},"end":{"line":97,"column":3}},"type":"if","locations":[{"start":{"line":94,"column":2},"end":{"line":97,"column":3}},{"start":{"line":94,"column":2},"end":{"line":97,"column":3}}],"line":94},"6":{"loc":{"start":{"line":101,"column":4},"end":{"line":104,"column":61}},"type":"if","locations":[{"start":{"line":101,"column":4},"end":{"line":104,"column":61}},{"start":{"line":101,"column":4},"end":{"line":104,"column":61}}],"line":101}},"s":{"0":1,"1":1,"2":1,"3":1,"4":1,"5":1,"6":1,"7":1,"8":1,"9":1,"10":1,"11":3,"12":3,"13":1,"14":0,"15":2,"16":8,"17":8,"18":0,"19":1,"20":1,"21":1,"22":1,"23":1,"24":1,"25":1,"26":1,"27":1,"28":1,"29":1,"30":1,"31":1,"32":1,"33":1,"34":1,"35":1,"36":1,"37":0,"38":1,"39":0,"40":1,"41":1,"42":1,"43":1,"44":1,"45":2,"46":2,"47":0,"48":0,"49":2,"50":2,"51":0,"52":0,"53":0,"54":0,"55":0,"56":2,"57":2,"58":1,"59":0,"60":0,"61":0,"62":0,"63":1},"f":{"0":3,"1":0,"2":8,"3":8,"4":1,"5":1,"6":1,"7":2,"8":0},"b":{"0":[1,0],"1":[1,2],"2":[1,0],"3":[0,1],"4":[0,1],"5":[0,2],"6":[0,0]},"_coverageSchema":"1a1c01bbd47fc00a2c39e90264f33305004495a9","hash":"49c88b46c2442ff2ae79d880d97f56636dffea87","contentHash":"62203d958d3f7e1dce7373f677e2a8cdee76771c4ebcc56c5cdf0095c85371c0"}
,"/Users/principal/Documents/projects/tunapanda/swag/server/utils/achievementPercentage.js": {"path":"/Users/principal/Documents/projects/tunapanda/swag/server/utils/achievementPercentage.js","statementMap":{"0":{"start":{"line":1,"column":20},"end":{"line":1,"column":52}},"1":{"start":{"line":5,"column":22},"end":{"line":5,"column":72}},"2":{"start":{"line":6,"column":28},"end":{"line":6,"column":30}},"3":{"start":{"line":7,"column":2},"end":{"line":11,"column":5}},"4":{"start":{"line":8,"column":4},"end":{"line":10,"column":5}},"5":{"start":{"line":9,"column":6},"end":{"line":9,"column":47}},"6":{"start":{"line":13,"column":2},"end":{"line":27,"column":3}},"7":{"start":{"line":14,"column":27},"end":{"line":17,"column":5}},"8":{"start":{"line":18,"column":4},"end":{"line":18,"column":48}},"9":{"start":{"line":20,"column":4},"end":{"line":26,"column":7}},"10":{"start":{"line":21,"column":29},"end":{"line":24,"column":7}},"11":{"start":{"line":25,"column":6},"end":{"line":25,"column":48}},"12":{"start":{"line":30,"column":0},"end":{"line":30,"column":39}}},"fnMap":{"0":{"name":"achievementPercentage","decl":{"start":{"line":3,"column":15},"end":{"line":3,"column":36}},"loc":{"start":{"line":3,"column":53},"end":{"line":28,"column":1}},"line":3},"1":{"name":"(anonymous_1)","decl":{"start":{"line":7,"column":22},"end":{"line":7,"column":23}},"loc":{"start":{"line":7,"column":33},"end":{"line":11,"column":3}},"line":7},"2":{"name":"(anonymous_2)","decl":{"start":{"line":20,"column":19},"end":{"line":20,"column":20}},"loc":{"start":{"line":20,"column":27},"end":{"line":26,"column":5}},"line":20}},"branchMap":{"0":{"loc":{"start":{"line":8,"column":4},"end":{"line":10,"column":5}},"type":"if","locations":[{"start":{"line":8,"column":4},"end":{"line":10,"column":5}},{"start":{"line":8,"column":4},"end":{"line":10,"column":5}}],"line":8},"1":{"loc":{"start":{"line":13,"column":2},"end":{"line":27,"column":3}},"type":"if","locations":[{"start":{"line":13,"column":2},"end":{"line":27,"column":3}},{"start":{"line":13,"column":2},"end":{"line":27,"column":3}}],"line":13}},"s":{"0":1,"1":4,"2":4,"3":4,"4":12,"5":12,"6":4,"7":1,"8":1,"9":3,"10":9,"11":9,"12":1},"f":{"0":4,"1":12,"2":9},"b":{"0":[12,0],"1":[1,3]},"_coverageSchema":"1a1c01bbd47fc00a2c39e90264f33305004495a9","hash":"609387f7f21248f32b80aaa21cddfdbf11ed54c5","contentHash":"8555b79ffb37c97f76173e18afbf90348acd734377603657356dd53fc563d84f"}
,"/Users/principal/Documents/projects/tunapanda/swag/server/utils/querybuilder.js": {"path":"/Users/principal/Documents/projects/tunapanda/swag/server/utils/querybuilder.js","statementMap":{"0":{"start":{"line":1,"column":25},"end":{"line":1,"column":45}},"1":{"start":{"line":5,"column":16},"end":{"line":5,"column":55}},"2":{"start":{"line":5,"column":44},"end":{"line":5,"column":54}},"3":{"start":{"line":7,"column":4},"end":{"line":7,"column":35}},"4":{"start":{"line":11,"column":0},"end":{"line":11,"column":36}}},"fnMap":{"0":{"name":"(anonymous_0)","decl":{"start":{"line":4,"column":2},"end":{"line":4,"column":3}},"loc":{"start":{"line":4,"column":31},"end":{"line":8,"column":3}},"line":4},"1":{"name":"(anonymous_1)","decl":{"start":{"line":5,"column":34},"end":{"line":5,"column":35}},"loc":{"start":{"line":5,"column":44},"end":{"line":5,"column":54}},"line":5}},"branchMap":{},"s":{"0":1,"1":0,"2":0,"3":0,"4":1},"f":{"0":0,"1":0},"b":{},"_coverageSchema":"1a1c01bbd47fc00a2c39e90264f33305004495a9","hash":"bb435e2ddf0797eca4bdf3913e38b2c0064137b4","contentHash":"0c284b5bc91269fadd3e6f22e8bf90dde240a7f8d5438abf1fa9099709309b29"}
,"/Users/principal/Documents/projects/tunapanda/swag/server/utils/search.js": {"path":"/Users/principal/Documents/projects/tunapanda/swag/server/utils/search.js","statementMap":{"0":{"start":{"line":1,"column":19},"end":{"line":1,"column":52}},"1":{"start":{"line":5,"column":0},"end":{"line":9,"column":1}},"2":{"start":{"line":6,"column":2},"end":{"line":6,"column":46}},"3":{"start":{"line":8,"column":2},"end":{"line":8,"column":54}},"4":{"start":{"line":11,"column":13},"end":{"line":11,"column":90}},"5":{"start":{"line":13,"column":15},"end":{"line":13,"column":41}},"6":{"start":{"line":14,"column":0},"end":{"line":14,"column":53}},"7":{"start":{"line":17,"column":2},"end":{"line":62,"column":3}},"8":{"start":{"line":18,"column":4},"end":{"line":53,"column":7}},"9":{"start":{"line":21,"column":6},"end":{"line":51,"column":7}},"10":{"start":{"line":22,"column":8},"end":{"line":50,"column":11}},"11":{"start":{"line":52,"column":6},"end":{"line":52,"column":18}},"12":{"start":{"line":54,"column":4},"end":{"line":54,"column":96}},"13":{"start":{"line":56,"column":4},"end":{"line":61,"column":5}},"14":{"start":{"line":57,"column":6},"end":{"line":57,"column":21}},"15":{"start":{"line":59,"column":6},"end":{"line":59,"column":67}},"16":{"start":{"line":60,"column":6},"end":{"line":60,"column":32}},"17":{"start":{"line":63,"column":2},"end":{"line":105,"column":3}},"18":{"start":{"line":64,"column":4},"end":{"line":97,"column":7}},"19":{"start":{"line":99,"column":4},"end":{"line":104,"column":5}},"20":{"start":{"line":100,"column":6},"end":{"line":100,"column":21}},"21":{"start":{"line":102,"column":6},"end":{"line":102,"column":67}},"22":{"start":{"line":103,"column":6},"end":{"line":103,"column":32}},"23":{"start":{"line":108,"column":0},"end":{"line":108,"column":21}},"24":{"start":{"line":110,"column":0},"end":{"line":110,"column":24}}},"fnMap":{"0":{"name":"setupElasticsearch","decl":{"start":{"line":16,"column":15},"end":{"line":16,"column":33}},"loc":{"start":{"line":16,"column":36},"end":{"line":106,"column":1}},"line":16},"1":{"name":"(anonymous_1)","decl":{"start":{"line":20,"column":12},"end":{"line":20,"column":13}},"loc":{"start":{"line":20,"column":27},"end":{"line":53,"column":5}},"line":20}},"branchMap":{"0":{"loc":{"start":{"line":11,"column":13},"end":{"line":11,"column":90}},"type":"cond-expr","locations":[{"start":{"line":11,"column":46},"end":{"line":11,"column":76}},{"start":{"line":11,"column":79},"end":{"line":11,"column":90}}],"line":11},"1":{"loc":{"start":{"line":21,"column":6},"end":{"line":51,"column":7}},"type":"if","locations":[{"start":{"line":21,"column":6},"end":{"line":51,"column":7}},{"start":{"line":21,"column":6},"end":{"line":51,"column":7}}],"line":21},"2":{"loc":{"start":{"line":56,"column":4},"end":{"line":61,"column":5}},"type":"if","locations":[{"start":{"line":56,"column":4},"end":{"line":61,"column":5}},{"start":{"line":56,"column":4},"end":{"line":61,"column":5}}],"line":56},"3":{"loc":{"start":{"line":99,"column":4},"end":{"line":104,"column":5}},"type":"if","locations":[{"start":{"line":99,"column":4},"end":{"line":104,"column":5}},{"start":{"line":99,"column":4},"end":{"line":104,"column":5}}],"line":99}},"s":{"0":1,"1":1,"2":1,"3":1,"4":1,"5":1,"6":1,"7":1,"8":1,"9":0,"10":0,"11":0,"12":0,"13":1,"14":0,"15":1,"16":1,"17":1,"18":1,"19":1,"20":0,"21":1,"22":1,"23":1,"24":1},"f":{"0":1,"1":0},"b":{"0":[0,1],"1":[0,0],"2":[0,1],"3":[0,1]},"_coverageSchema":"1a1c01bbd47fc00a2c39e90264f33305004495a9","hash":"505b9c6ba1799506886daa77c00daaf89dfaf6b5","contentHash":"3578d2bdb858152d20dc29a5252951f62675b995ce5c321a6274cadc91e09663"}
,"/Users/principal/Documents/projects/tunapanda/swag/server/utils/sendMail.js": {"path":"/Users/principal/Documents/projects/tunapanda/swag/server/utils/sendMail.js","statementMap":{"0":{"start":{"line":3,"column":0},"end":{"line":7,"column":1}},"1":{"start":{"line":4,"column":2},"end":{"line":4,"column":41}},"2":{"start":{"line":6,"column":2},"end":{"line":6,"column":49}},"3":{"start":{"line":9,"column":16},"end":{"line":9,"column":61}},"4":{"start":{"line":11,"column":15},"end":{"line":11,"column":37}},"5":{"start":{"line":14,"column":0},"end":{"line":39,"column":2}},"6":{"start":{"line":15,"column":15},"end":{"line":15,"column":88}},"7":{"start":{"line":16,"column":13},"end":{"line":21,"column":3}},"8":{"start":{"line":24,"column":2},"end":{"line":38,"column":5}},"9":{"start":{"line":26,"column":4},"end":{"line":37,"column":5}},"10":{"start":{"line":27,"column":6},"end":{"line":27,"column":41}},"11":{"start":{"line":28,"column":6},"end":{"line":28,"column":25}},"12":{"start":{"line":34,"column":6},"end":{"line":34,"column":50}},"13":{"start":{"line":35,"column":6},"end":{"line":35,"column":24}},"14":{"start":{"line":36,"column":6},"end":{"line":36,"column":18}}},"fnMap":{"0":{"name":"sendMAil","decl":{"start":{"line":14,"column":32},"end":{"line":14,"column":40}},"loc":{"start":{"line":14,"column":53},"end":{"line":39,"column":1}},"line":14},"1":{"name":"(anonymous_1)","decl":{"start":{"line":24,"column":32},"end":{"line":24,"column":33}},"loc":{"start":{"line":24,"column":53},"end":{"line":38,"column":3}},"line":24}},"branchMap":{"0":{"loc":{"start":{"line":26,"column":4},"end":{"line":37,"column":5}},"type":"if","locations":[{"start":{"line":26,"column":4},"end":{"line":37,"column":5}},{"start":{"line":26,"column":4},"end":{"line":37,"column":5}}],"line":26}},"s":{"0":1,"1":1,"2":0,"3":1,"4":1,"5":1,"6":0,"7":0,"8":0,"9":0,"10":0,"11":0,"12":0,"13":0,"14":0},"f":{"0":0,"1":0},"b":{"0":[0,0]},"_coverageSchema":"1a1c01bbd47fc00a2c39e90264f33305004495a9","hash":"60cd121921b1c6875e3c66d5e095c9dcc7395bca","contentHash":"a84be5846c83ecfa8e067e92cacacb8c9b370630d430033bde395ba37b01b2fe"}
}
